2022-08-21 12:52:40,448 DEBUG    root            Loaded Command Group: ['gcloud', 'config']
2022-08-21 12:52:40,449 DEBUG    root            Loaded Command Group: ['gcloud', 'config', 'config_helper']
2022-08-21 12:52:40,449 DEBUG    root            Running [gcloud.config.config-helper] with arguments: [--format: "json"]
2022-08-21 12:52:40,542 DEBUG    google.auth.transport.requests Making request: POST https://oauth2.googleapis.com/token
2022-08-21 12:52:40,588 DEBUG    urllib3.connectionpool Starting new HTTPS connection (1): oauth2.googleapis.com:443
2022-08-21 12:52:40,844 DEBUG    urllib3.connectionpool https://oauth2.googleapis.com:443 "POST /token HTTP/1.1" 200 None
2022-08-21 12:52:40,854 INFO     root            Display format: "default json"
2022-08-21 12:52:40,854 INFO     ___FILE_ONLY___ {
  "configuration": {
    "active_configuration": "default",
    "properties": {
      "core": {
        "account": "bmutziu@gmail.com",
        "disable_usage_reporting": "True",
        "project": "cilium-20220820000618"
      }
    }
  },
  "credential": {
    "access_token": "ya29.A0AVA9y1tQl5UWXUxtBXnH99yadcTqFiuLA2jASCMv1HqTDawonfKr_P_M9O-49_lv2EBtW2W8cS6wWRGZEqbd0TKc5aaD_EQyBAlSPiRc-RUS_FnNQiLu0cX7QnEIosYUAC_wDJgM35ygHHB5jxF4QA0_f1gNbH_aUWBO9AaCgYKATASATASFQE65dr8P3qPLUfULy0s0qIaSx3gkg0173",
    "id_token": "eyJhbGciOiJSUzI1NiIsImtpZCI6IjE3MjdiNmI0OTQwMmI5Y2Y5NWJlNGU4ZmQzOGFhN2U3YzExNjQ0YjEiLCJ0eXAiOiJKV1QifQ.eyJpc3MiOiJodHRwczovL2FjY291bnRzLmdvb2dsZS5jb20iLCJhenAiOiIzMjU1NTk0MDU1OS5hcHBzLmdvb2dsZXVzZXJjb250ZW50LmNvbSIsImF1ZCI6IjMyNTU1OTQwNTU5LmFwcHMuZ29vZ2xldXNlcmNvbnRlbnQuY29tIiwic3ViIjoiMTAwODI0ODY0NDMxNzM0OTUyNjI1IiwiZW1haWwiOiJibXV0eml1QGdtYWlsLmNvbSIsImVtYWlsX3ZlcmlmaWVkIjp0cnVlLCJhdF9oYXNoIjoiZmNUZ3FIY0NnNWVGaG1yajNTZFNEQSIsImlhdCI6MTY2MTA3NTU2MCwiZXhwIjoxNjYxMDc5MTYwfQ.xZjRMAC8e9gm8MkRbDV9782izTx425PHxJiOkiZSLIZPFd-kzjL1bhWZrynNNnSJKli2H5jTPUDHojTXLAX5yXTopCp3RbT1Ip7zGR4W0NlczWBUJTcmIcQ19IRfXPo67CNv_4ymzLpUYtyWAhL4s-uB_qBj_LhFc6O8m6i1QwlkMYHVmZmWoHayJL_M8NBMa22mqKnZXsqZE9rUIyh4yo0QqCJRDPMJlnWqoihc10GGxGqgwzNJtshrc_XG5jRWaAm7LVIkb0kQZewfimK0FicPzjPQHglKAqaxY_dyweq_fW7d8Nr1-YI4D5dyCuevIO4B1vN3UCiJzy9S86fEyA",
    "token_expiry": "2022-08-21T10:52:39Z"
  },
  "sentinels": {
    "config_sentinel": "/Users/bmutziu/.config/gcloud/config_sentinel"
  }
}
2022-08-21 12:52:40,855 INFO     ___FILE_ONLY___ 

2022-08-21 12:52:40,855 DEBUG    root            Checking for updates...
2022-08-21 12:52:40,895 DEBUG    urllib3.connectionpool Starting new HTTPS connection (1): dl.google.com:443
2022-08-21 12:52:41,115 DEBUG    urllib3.connectionpool https://dl.google.com:443 "GET /dl/cloudsdk/channels/rapid/components-2.json HTTP/1.1" 200 201563
2022-08-21 12:52:41,296 DEBUG    root            Updating notification cache...
2022-08-21 12:52:41,296 DEBUG    root            Activating notification: [default]
