2022-08-30 11:38:43,729 DEBUG    root            Loaded Command Group: ['gcloud', 'components']
2022-08-30 11:38:43,732 DEBUG    root            Loaded Command Group: ['gcloud', 'components', 'update']
2022-08-30 11:38:43,733 DEBUG    root            Running [gcloud.components.update] with arguments: []
2022-08-30 11:38:56,744 INFO     ___FILE_ONLY___ Beginning update. This process may take several minutes.

2022-08-30 11:38:56,750 DEBUG    urllib3.connectionpool Starting new HTTPS connection (1): dl.google.com:443
2022-08-30 11:38:57,110 DEBUG    urllib3.connectionpool https://dl.google.com:443 "GET /dl/cloudsdk/channels/rapid/components-2.json HTTP/1.1" 200 198784
2022-08-30 11:38:57,433 INFO     ___FILE_ONLY___ 

2022-08-30 11:38:57,434 INFO     ___FILE_ONLY___ 
Your current Google Cloud CLI version is: 398.0.0

2022-08-30 11:38:57,434 INFO     ___FILE_ONLY___ You will be upgraded to version: 399.0.0

2022-08-30 11:38:57,434 INFO     ___FILE_ONLY___ 

2022-08-30 11:38:57,435 INFO     ___FILE_ONLY___ ┌─────────────────────────────────────────────────────────┐
2022-08-30 11:38:57,435 INFO     ___FILE_ONLY___ 

2022-08-30 11:38:57,435 INFO     ___FILE_ONLY___ │            These components will be updated.            │
2022-08-30 11:38:57,435 INFO     ___FILE_ONLY___ 

2022-08-30 11:38:57,435 INFO     ___FILE_ONLY___ ├─────────────────────────────────┬────────────┬──────────┤
2022-08-30 11:38:57,435 INFO     ___FILE_ONLY___ 

2022-08-30 11:38:57,435 INFO     ___FILE_ONLY___ │               Name              │  Version   │   Size   │
2022-08-30 11:38:57,435 INFO     ___FILE_ONLY___ 

2022-08-30 11:38:57,435 INFO     ___FILE_ONLY___ ├─────────────────────────────────┼────────────┼──────────┤
2022-08-30 11:38:57,435 INFO     ___FILE_ONLY___ 

2022-08-30 11:38:57,435 INFO     ___FILE_ONLY___ │ 
2022-08-30 11:38:57,435 INFO     ___FILE_ONLY___ Google Cloud CLI Core Libraries
2022-08-30 11:38:57,435 INFO     ___FILE_ONLY___  
2022-08-30 11:38:57,435 INFO     ___FILE_ONLY___ │ 
2022-08-30 11:38:57,435 INFO     ___FILE_ONLY___ 2022.08.19
2022-08-30 11:38:57,435 INFO     ___FILE_ONLY___  
2022-08-30 11:38:57,435 INFO     ___FILE_ONLY___ │ 
2022-08-30 11:38:57,435 INFO     ___FILE_ONLY___ 24.4 MiB
2022-08-30 11:38:57,435 INFO     ___FILE_ONLY___  
2022-08-30 11:38:57,435 INFO     ___FILE_ONLY___ │
2022-08-30 11:38:57,435 INFO     ___FILE_ONLY___ 

2022-08-30 11:38:57,435 INFO     ___FILE_ONLY___ │ 
2022-08-30 11:38:57,435 INFO     ___FILE_ONLY___ gcloud cli dependencies        
2022-08-30 11:38:57,435 INFO     ___FILE_ONLY___  
2022-08-30 11:38:57,435 INFO     ___FILE_ONLY___ │ 
2022-08-30 11:38:57,435 INFO     ___FILE_ONLY___ 2022.08.19
2022-08-30 11:38:57,435 INFO     ___FILE_ONLY___  
2022-08-30 11:38:57,435 INFO     ___FILE_ONLY___ │ 
2022-08-30 11:38:57,435 INFO     ___FILE_ONLY___ 11.2 MiB
2022-08-30 11:38:57,435 INFO     ___FILE_ONLY___  
2022-08-30 11:38:57,435 INFO     ___FILE_ONLY___ │
2022-08-30 11:38:57,436 INFO     ___FILE_ONLY___ 

2022-08-30 11:38:57,436 INFO     ___FILE_ONLY___ └─────────────────────────────────┴────────────┴──────────┘
2022-08-30 11:38:57,436 INFO     ___FILE_ONLY___ 

2022-08-30 11:38:57,436 INFO     ___FILE_ONLY___ 

2022-08-30 11:38:57,437 DEBUG    urllib3.connectionpool Starting new HTTPS connection (1): dl.google.com:443
2022-08-30 11:38:57,760 DEBUG    urllib3.connectionpool https://dl.google.com:443 "GET /dl/cloudsdk/channels/rapid/RELEASE_NOTES HTTP/1.1" 200 855047
2022-08-30 11:39:00,006 INFO     ___FILE_ONLY___ The following release notes are new in this upgrade.
Please read carefully for information about new features, breaking changes,
and bugs fixed.  The latest full release notes can be viewed at:
  https://cloud.google.com/sdk/release_notes


2022-08-30 11:39:00,006 INFO     ___FILE_ONLY___ [m
2022-08-30 11:39:00,006 INFO     ___FILE_ONLY___ [1m399.0.0 (2022-08-23)[m

2022-08-30 11:39:00,006 INFO     ___FILE_ONLY___ [m
2022-08-30 11:39:00,006 INFO     ___FILE_ONLY___   
2022-08-30 11:39:00,006 INFO     ___FILE_ONLY___ [1mAlloyDB[m

2022-08-30 11:39:00,006 INFO     ___FILE_ONLY___       ▪
2022-08-30 11:39:00,006 INFO     ___FILE_ONLY___  
2022-08-30 11:39:00,006 INFO     ___FILE_ONLY___ Added
2022-08-30 11:39:00,006 INFO     ___FILE_ONLY___  
2022-08-30 11:39:00,006 INFO     ___FILE_ONLY___ [1m--cluster[m
2022-08-30 11:39:00,006 INFO     ___FILE_ONLY___  
2022-08-30 11:39:00,006 INFO     ___FILE_ONLY___ flag
2022-08-30 11:39:00,006 INFO     ___FILE_ONLY___  
2022-08-30 11:39:00,006 INFO     ___FILE_ONLY___ to
2022-08-30 11:39:00,006 INFO     ___FILE_ONLY___  
2022-08-30 11:39:00,007 INFO     ___FILE_ONLY___ [1mgcloud
2022-08-30 11:39:00,007 INFO     ___FILE_ONLY___  
2022-08-30 11:39:00,007 INFO     ___FILE_ONLY___ beta
2022-08-30 11:39:00,007 INFO     ___FILE_ONLY___  
2022-08-30 11:39:00,007 INFO     ___FILE_ONLY___ alloydb
2022-08-30 11:39:00,007 INFO     ___FILE_ONLY___  
2022-08-30 11:39:00,007 INFO     ___FILE_ONLY___ operations
2022-08-30 11:39:00,007 INFO     ___FILE_ONLY___  
2022-08-30 11:39:00,007 INFO     ___FILE_ONLY___ list[m
2022-08-30 11:39:00,007 INFO     ___FILE_ONLY___  
2022-08-30 11:39:00,007 INFO     ___FILE_ONLY___ to
2022-08-30 11:39:00,007 INFO     ___FILE_ONLY___  
2022-08-30 11:39:00,007 INFO     ___FILE_ONLY___ enable
2022-08-30 11:39:00,007 INFO     ___FILE_ONLY___ 

2022-08-30 11:39:00,007 INFO     ___FILE_ONLY___         
2022-08-30 11:39:00,007 INFO     ___FILE_ONLY___ listing
2022-08-30 11:39:00,007 INFO     ___FILE_ONLY___  
2022-08-30 11:39:00,007 INFO     ___FILE_ONLY___ of
2022-08-30 11:39:00,007 INFO     ___FILE_ONLY___  
2022-08-30 11:39:00,007 INFO     ___FILE_ONLY___ operations
2022-08-30 11:39:00,007 INFO     ___FILE_ONLY___  
2022-08-30 11:39:00,007 INFO     ___FILE_ONLY___ pertaining
2022-08-30 11:39:00,007 INFO     ___FILE_ONLY___  
2022-08-30 11:39:00,007 INFO     ___FILE_ONLY___ to
2022-08-30 11:39:00,007 INFO     ___FILE_ONLY___  
2022-08-30 11:39:00,007 INFO     ___FILE_ONLY___ a
2022-08-30 11:39:00,007 INFO     ___FILE_ONLY___  
2022-08-30 11:39:00,007 INFO     ___FILE_ONLY___ given
2022-08-30 11:39:00,007 INFO     ___FILE_ONLY___  
2022-08-30 11:39:00,007 INFO     ___FILE_ONLY___ cluster.
2022-08-30 11:39:00,007 INFO     ___FILE_ONLY___ 

2022-08-30 11:39:00,007 INFO     ___FILE_ONLY___       ▪
2022-08-30 11:39:00,007 INFO     ___FILE_ONLY___  
2022-08-30 11:39:00,007 INFO     ___FILE_ONLY___ Updated
2022-08-30 11:39:00,007 INFO     ___FILE_ONLY___  
2022-08-30 11:39:00,007 INFO     ___FILE_ONLY___ [1mgcloud
2022-08-30 11:39:00,007 INFO     ___FILE_ONLY___  
2022-08-30 11:39:00,007 INFO     ___FILE_ONLY___ beta
2022-08-30 11:39:00,007 INFO     ___FILE_ONLY___  
2022-08-30 11:39:00,007 INFO     ___FILE_ONLY___ alloydb
2022-08-30 11:39:00,007 INFO     ___FILE_ONLY___  
2022-08-30 11:39:00,008 INFO     ___FILE_ONLY___ clusters
2022-08-30 11:39:00,008 INFO     ___FILE_ONLY___  
2022-08-30 11:39:00,008 INFO     ___FILE_ONLY___ restore[m
2022-08-30 11:39:00,008 INFO     ___FILE_ONLY___  
2022-08-30 11:39:00,008 INFO     ___FILE_ONLY___ to
2022-08-30 11:39:00,008 INFO     ___FILE_ONLY___  
2022-08-30 11:39:00,008 INFO     ___FILE_ONLY___ support
2022-08-30 11:39:00,008 INFO     ___FILE_ONLY___  
2022-08-30 11:39:00,008 INFO     ___FILE_ONLY___ PITR
2022-08-30 11:39:00,008 INFO     ___FILE_ONLY___  
2022-08-30 11:39:00,008 INFO     ___FILE_ONLY___ (point
2022-08-30 11:39:00,008 INFO     ___FILE_ONLY___ 

2022-08-30 11:39:00,008 INFO     ___FILE_ONLY___         
2022-08-30 11:39:00,008 INFO     ___FILE_ONLY___ in
2022-08-30 11:39:00,008 INFO     ___FILE_ONLY___  
2022-08-30 11:39:00,008 INFO     ___FILE_ONLY___ time
2022-08-30 11:39:00,008 INFO     ___FILE_ONLY___  
2022-08-30 11:39:00,008 INFO     ___FILE_ONLY___ recovery)
2022-08-30 11:39:00,008 INFO     ___FILE_ONLY___  
2022-08-30 11:39:00,008 INFO     ___FILE_ONLY___ via
2022-08-30 11:39:00,008 INFO     ___FILE_ONLY___  
2022-08-30 11:39:00,008 INFO     ___FILE_ONLY___ new
2022-08-30 11:39:00,008 INFO     ___FILE_ONLY___  
2022-08-30 11:39:00,008 INFO     ___FILE_ONLY___ [1m--source-cluster[m
2022-08-30 11:39:00,008 INFO     ___FILE_ONLY___  
2022-08-30 11:39:00,008 INFO     ___FILE_ONLY___ and
2022-08-30 11:39:00,008 INFO     ___FILE_ONLY___  
2022-08-30 11:39:00,008 INFO     ___FILE_ONLY___ [1m--point-in-time[m
2022-08-30 11:39:00,008 INFO     ___FILE_ONLY___  
2022-08-30 11:39:00,008 INFO     ___FILE_ONLY___ flags.
2022-08-30 11:39:00,008 INFO     ___FILE_ONLY___ 

2022-08-30 11:39:00,008 INFO     ___FILE_ONLY___ 

2022-08-30 11:39:00,008 INFO     ___FILE_ONLY___ [m
2022-08-30 11:39:00,008 INFO     ___FILE_ONLY___   
2022-08-30 11:39:00,008 INFO     ___FILE_ONLY___ [1mApp Engine[m

2022-08-30 11:39:00,008 INFO     ___FILE_ONLY___       ▪
2022-08-30 11:39:00,008 INFO     ___FILE_ONLY___  
2022-08-30 11:39:00,008 INFO     ___FILE_ONLY___ Updated
2022-08-30 11:39:00,008 INFO     ___FILE_ONLY___  
2022-08-30 11:39:00,008 INFO     ___FILE_ONLY___ the
2022-08-30 11:39:00,008 INFO     ___FILE_ONLY___  
2022-08-30 11:39:00,008 INFO     ___FILE_ONLY___ Java
2022-08-30 11:39:00,008 INFO     ___FILE_ONLY___  
2022-08-30 11:39:00,009 INFO     ___FILE_ONLY___ SDK
2022-08-30 11:39:00,009 INFO     ___FILE_ONLY___  
2022-08-30 11:39:00,009 INFO     ___FILE_ONLY___ to
2022-08-30 11:39:00,009 INFO     ___FILE_ONLY___  
2022-08-30 11:39:00,009 INFO     ___FILE_ONLY___ version
2022-08-30 11:39:00,009 INFO     ___FILE_ONLY___  
2022-08-30 11:39:00,009 INFO     ___FILE_ONLY___ 1.9.98.1
2022-08-30 11:39:00,009 INFO     ___FILE_ONLY___  
2022-08-30 11:39:00,009 INFO     ___FILE_ONLY___ to
2022-08-30 11:39:00,009 INFO     ___FILE_ONLY___  
2022-08-30 11:39:00,009 INFO     ___FILE_ONLY___ address
2022-08-30 11:39:00,009 INFO     ___FILE_ONLY___  
2022-08-30 11:39:00,009 INFO     ___FILE_ONLY___ bug
2022-08-30 11:39:00,009 INFO     ___FILE_ONLY___ 

2022-08-30 11:39:00,009 INFO     ___FILE_ONLY___         
2022-08-30 11:39:00,009 INFO     ___FILE_ONLY___ <https://issuetracker.google.com/issues/240455023>.
2022-08-30 11:39:00,009 INFO     ___FILE_ONLY___ 

2022-08-30 11:39:00,009 INFO     ___FILE_ONLY___ 

2022-08-30 11:39:00,009 INFO     ___FILE_ONLY___ [m
2022-08-30 11:39:00,009 INFO     ___FILE_ONLY___   
2022-08-30 11:39:00,009 INFO     ___FILE_ONLY___ [1mCloud Asset Inventory[m

2022-08-30 11:39:00,009 INFO     ___FILE_ONLY___       ▪
2022-08-30 11:39:00,009 INFO     ___FILE_ONLY___  
2022-08-30 11:39:00,009 INFO     ___FILE_ONLY___ Added
2022-08-30 11:39:00,009 INFO     ___FILE_ONLY___  
2022-08-30 11:39:00,009 INFO     ___FILE_ONLY___ [1mgcloud
2022-08-30 11:39:00,009 INFO     ___FILE_ONLY___  
2022-08-30 11:39:00,009 INFO     ___FILE_ONLY___ asset
2022-08-30 11:39:00,009 INFO     ___FILE_ONLY___  
2022-08-30 11:39:00,009 INFO     ___FILE_ONLY___ get-effective-iam-policy[m
2022-08-30 11:39:00,009 INFO     ___FILE_ONLY___  
2022-08-30 11:39:00,009 INFO     ___FILE_ONLY___ command,
2022-08-30 11:39:00,009 INFO     ___FILE_ONLY___  
2022-08-30 11:39:00,009 INFO     ___FILE_ONLY___ which
2022-08-30 11:39:00,010 INFO     ___FILE_ONLY___  
2022-08-30 11:39:00,010 INFO     ___FILE_ONLY___ retrieves
2022-08-30 11:39:00,010 INFO     ___FILE_ONLY___ 

2022-08-30 11:39:00,010 INFO     ___FILE_ONLY___         
2022-08-30 11:39:00,010 INFO     ___FILE_ONLY___ batch
2022-08-30 11:39:00,010 INFO     ___FILE_ONLY___  
2022-08-30 11:39:00,010 INFO     ___FILE_ONLY___ effective
2022-08-30 11:39:00,010 INFO     ___FILE_ONLY___  
2022-08-30 11:39:00,010 INFO     ___FILE_ONLY___ IAM
2022-08-30 11:39:00,010 INFO     ___FILE_ONLY___  
2022-08-30 11:39:00,010 INFO     ___FILE_ONLY___ policies
2022-08-30 11:39:00,010 INFO     ___FILE_ONLY___  
2022-08-30 11:39:00,010 INFO     ___FILE_ONLY___ for
2022-08-30 11:39:00,010 INFO     ___FILE_ONLY___  
2022-08-30 11:39:00,010 INFO     ___FILE_ONLY___ a
2022-08-30 11:39:00,010 INFO     ___FILE_ONLY___  
2022-08-30 11:39:00,010 INFO     ___FILE_ONLY___ specified
2022-08-30 11:39:00,010 INFO     ___FILE_ONLY___  
2022-08-30 11:39:00,010 INFO     ___FILE_ONLY___ list
2022-08-30 11:39:00,010 INFO     ___FILE_ONLY___  
2022-08-30 11:39:00,010 INFO     ___FILE_ONLY___ of
2022-08-30 11:39:00,010 INFO     ___FILE_ONLY___  
2022-08-30 11:39:00,010 INFO     ___FILE_ONLY___ resources
2022-08-30 11:39:00,010 INFO     ___FILE_ONLY___  
2022-08-30 11:39:00,010 INFO     ___FILE_ONLY___ within
2022-08-30 11:39:00,010 INFO     ___FILE_ONLY___ 

2022-08-30 11:39:00,010 INFO     ___FILE_ONLY___         
2022-08-30 11:39:00,010 INFO     ___FILE_ONLY___ specified
2022-08-30 11:39:00,010 INFO     ___FILE_ONLY___  
2022-08-30 11:39:00,010 INFO     ___FILE_ONLY___ accessible
2022-08-30 11:39:00,010 INFO     ___FILE_ONLY___  
2022-08-30 11:39:00,010 INFO     ___FILE_ONLY___ scope.
2022-08-30 11:39:00,010 INFO     ___FILE_ONLY___ 

2022-08-30 11:39:00,010 INFO     ___FILE_ONLY___ 

2022-08-30 11:39:00,010 INFO     ___FILE_ONLY___ [m
2022-08-30 11:39:00,010 INFO     ___FILE_ONLY___   
2022-08-30 11:39:00,010 INFO     ___FILE_ONLY___ [1mCloud Dataflow[m

2022-08-30 11:39:00,010 INFO     ___FILE_ONLY___       ▪
2022-08-30 11:39:00,010 INFO     ___FILE_ONLY___  
2022-08-30 11:39:00,010 INFO     ___FILE_ONLY___ Added
2022-08-30 11:39:00,011 INFO     ___FILE_ONLY___  
2022-08-30 11:39:00,011 INFO     ___FILE_ONLY___ [1mGO[m
2022-08-30 11:39:00,011 INFO     ___FILE_ONLY___  
2022-08-30 11:39:00,011 INFO     ___FILE_ONLY___ to
2022-08-30 11:39:00,011 INFO     ___FILE_ONLY___  
2022-08-30 11:39:00,011 INFO     ___FILE_ONLY___ [1mgcloud
2022-08-30 11:39:00,011 INFO     ___FILE_ONLY___  
2022-08-30 11:39:00,011 INFO     ___FILE_ONLY___ flex-template
2022-08-30 11:39:00,011 INFO     ___FILE_ONLY___  
2022-08-30 11:39:00,011 INFO     ___FILE_ONLY___ build[m
2022-08-30 11:39:00,011 INFO     ___FILE_ONLY___  
2022-08-30 11:39:00,011 INFO     ___FILE_ONLY___ command
2022-08-30 11:39:00,011 INFO     ___FILE_ONLY___  
2022-08-30 11:39:00,011 INFO     ___FILE_ONLY___ SDK
2022-08-30 11:39:00,011 INFO     ___FILE_ONLY___  
2022-08-30 11:39:00,011 INFO     ___FILE_ONLY___ Language
2022-08-30 11:39:00,011 INFO     ___FILE_ONLY___  
2022-08-30 11:39:00,011 INFO     ___FILE_ONLY___ options,
2022-08-30 11:39:00,011 INFO     ___FILE_ONLY___ 

2022-08-30 11:39:00,011 INFO     ___FILE_ONLY___         
2022-08-30 11:39:00,011 INFO     ___FILE_ONLY___ allowing
2022-08-30 11:39:00,011 INFO     ___FILE_ONLY___  
2022-08-30 11:39:00,011 INFO     ___FILE_ONLY___ users
2022-08-30 11:39:00,011 INFO     ___FILE_ONLY___  
2022-08-30 11:39:00,011 INFO     ___FILE_ONLY___ to
2022-08-30 11:39:00,011 INFO     ___FILE_ONLY___  
2022-08-30 11:39:00,011 INFO     ___FILE_ONLY___ submit
2022-08-30 11:39:00,011 INFO     ___FILE_ONLY___  
2022-08-30 11:39:00,011 INFO     ___FILE_ONLY___ Go
2022-08-30 11:39:00,011 INFO     ___FILE_ONLY___  
2022-08-30 11:39:00,011 INFO     ___FILE_ONLY___ Flex
2022-08-30 11:39:00,011 INFO     ___FILE_ONLY___  
2022-08-30 11:39:00,011 INFO     ___FILE_ONLY___ Template
2022-08-30 11:39:00,011 INFO     ___FILE_ONLY___  
2022-08-30 11:39:00,011 INFO     ___FILE_ONLY___ jobs.
2022-08-30 11:39:00,011 INFO     ___FILE_ONLY___ 

2022-08-30 11:39:00,011 INFO     ___FILE_ONLY___ 

2022-08-30 11:39:00,012 INFO     ___FILE_ONLY___ [m
2022-08-30 11:39:00,012 INFO     ___FILE_ONLY___   
2022-08-30 11:39:00,012 INFO     ___FILE_ONLY___ [1mCloud Functions[m

2022-08-30 11:39:00,012 INFO     ___FILE_ONLY___       ▪
2022-08-30 11:39:00,012 INFO     ___FILE_ONLY___  
2022-08-30 11:39:00,012 INFO     ___FILE_ONLY___ Move
2022-08-30 11:39:00,012 INFO     ___FILE_ONLY___  
2022-08-30 11:39:00,012 INFO     ___FILE_ONLY___ Python
2022-08-30 11:39:00,012 INFO     ___FILE_ONLY___  
2022-08-30 11:39:00,012 INFO     ___FILE_ONLY___ 3.10
2022-08-30 11:39:00,012 INFO     ___FILE_ONLY___  
2022-08-30 11:39:00,012 INFO     ___FILE_ONLY___ for
2022-08-30 11:39:00,012 INFO     ___FILE_ONLY___  
2022-08-30 11:39:00,012 INFO     ___FILE_ONLY___ Cloud
2022-08-30 11:39:00,012 INFO     ___FILE_ONLY___  
2022-08-30 11:39:00,012 INFO     ___FILE_ONLY___ Functions
2022-08-30 11:39:00,012 INFO     ___FILE_ONLY___  
2022-08-30 11:39:00,012 INFO     ___FILE_ONLY___ to
2022-08-30 11:39:00,012 INFO     ___FILE_ONLY___  
2022-08-30 11:39:00,012 INFO     ___FILE_ONLY___ GA.
2022-08-30 11:39:00,012 INFO     ___FILE_ONLY___ 

2022-08-30 11:39:00,012 INFO     ___FILE_ONLY___ 

2022-08-30 11:39:00,012 INFO     ___FILE_ONLY___ [m
2022-08-30 11:39:00,012 INFO     ___FILE_ONLY___   
2022-08-30 11:39:00,012 INFO     ___FILE_ONLY___ [1mCloud Org Policy[m

2022-08-30 11:39:00,012 INFO     ___FILE_ONLY___       ▪
2022-08-30 11:39:00,012 INFO     ___FILE_ONLY___  
2022-08-30 11:39:00,012 INFO     ___FILE_ONLY___ Added
2022-08-30 11:39:00,012 INFO     ___FILE_ONLY___  
2022-08-30 11:39:00,012 INFO     ___FILE_ONLY___ [1mgcloud
2022-08-30 11:39:00,012 INFO     ___FILE_ONLY___  
2022-08-30 11:39:00,012 INFO     ___FILE_ONLY___ org-policies
2022-08-30 11:39:00,012 INFO     ___FILE_ONLY___  
2022-08-30 11:39:00,012 INFO     ___FILE_ONLY___ {custom
2022-08-30 11:39:00,012 INFO     ___FILE_ONLY___  
2022-08-30 11:39:00,012 INFO     ___FILE_ONLY___ constraint}[m
2022-08-30 11:39:00,012 INFO     ___FILE_ONLY___  
2022-08-30 11:39:00,012 INFO     ___FILE_ONLY___ commands
2022-08-30 11:39:00,012 INFO     ___FILE_ONLY___  
2022-08-30 11:39:00,012 INFO     ___FILE_ONLY___ that
2022-08-30 11:39:00,012 INFO     ___FILE_ONLY___  
2022-08-30 11:39:00,013 INFO     ___FILE_ONLY___ allow
2022-08-30 11:39:00,013 INFO     ___FILE_ONLY___ 

2022-08-30 11:39:00,013 INFO     ___FILE_ONLY___         
2022-08-30 11:39:00,013 INFO     ___FILE_ONLY___ users
2022-08-30 11:39:00,013 INFO     ___FILE_ONLY___  
2022-08-30 11:39:00,013 INFO     ___FILE_ONLY___ to
2022-08-30 11:39:00,013 INFO     ___FILE_ONLY___  
2022-08-30 11:39:00,013 INFO     ___FILE_ONLY___ create,
2022-08-30 11:39:00,013 INFO     ___FILE_ONLY___  
2022-08-30 11:39:00,013 INFO     ___FILE_ONLY___ update,
2022-08-30 11:39:00,013 INFO     ___FILE_ONLY___  
2022-08-30 11:39:00,013 INFO     ___FILE_ONLY___ list,
2022-08-30 11:39:00,013 INFO     ___FILE_ONLY___  
2022-08-30 11:39:00,013 INFO     ___FILE_ONLY___ describe,
2022-08-30 11:39:00,013 INFO     ___FILE_ONLY___  
2022-08-30 11:39:00,013 INFO     ___FILE_ONLY___ and
2022-08-30 11:39:00,013 INFO     ___FILE_ONLY___  
2022-08-30 11:39:00,013 INFO     ___FILE_ONLY___ delete
2022-08-30 11:39:00,013 INFO     ___FILE_ONLY___  
2022-08-30 11:39:00,013 INFO     ___FILE_ONLY___ org
2022-08-30 11:39:00,013 INFO     ___FILE_ONLY___  
2022-08-30 11:39:00,013 INFO     ___FILE_ONLY___ policy
2022-08-30 11:39:00,013 INFO     ___FILE_ONLY___  
2022-08-30 11:39:00,013 INFO     ___FILE_ONLY___ custom
2022-08-30 11:39:00,013 INFO     ___FILE_ONLY___ 

2022-08-30 11:39:00,013 INFO     ___FILE_ONLY___         
2022-08-30 11:39:00,013 INFO     ___FILE_ONLY___ constraints.
2022-08-30 11:39:00,013 INFO     ___FILE_ONLY___ 

2022-08-30 11:39:00,013 INFO     ___FILE_ONLY___       ▪
2022-08-30 11:39:00,013 INFO     ___FILE_ONLY___  
2022-08-30 11:39:00,013 INFO     ___FILE_ONLY___ [1mgcloud
2022-08-30 11:39:00,013 INFO     ___FILE_ONLY___  
2022-08-30 11:39:00,013 INFO     ___FILE_ONLY___ org-policies
2022-08-30 11:39:00,013 INFO     ___FILE_ONLY___  
2022-08-30 11:39:00,013 INFO     ___FILE_ONLY___ set-custom-constraint[m
2022-08-30 11:39:00,013 INFO     ___FILE_ONLY___ 

2022-08-30 11:39:00,013 INFO     ___FILE_ONLY___       ▪
2022-08-30 11:39:00,013 INFO     ___FILE_ONLY___  
2022-08-30 11:39:00,013 INFO     ___FILE_ONLY___ [1mgcloud
2022-08-30 11:39:00,013 INFO     ___FILE_ONLY___  
2022-08-30 11:39:00,013 INFO     ___FILE_ONLY___ org-policies
2022-08-30 11:39:00,013 INFO     ___FILE_ONLY___  
2022-08-30 11:39:00,013 INFO     ___FILE_ONLY___ describe-custom-constraint[m
2022-08-30 11:39:00,013 INFO     ___FILE_ONLY___ 

2022-08-30 11:39:00,013 INFO     ___FILE_ONLY___       ▪
2022-08-30 11:39:00,014 INFO     ___FILE_ONLY___  
2022-08-30 11:39:00,014 INFO     ___FILE_ONLY___ [1mgcloud
2022-08-30 11:39:00,014 INFO     ___FILE_ONLY___  
2022-08-30 11:39:00,014 INFO     ___FILE_ONLY___ org-policies
2022-08-30 11:39:00,014 INFO     ___FILE_ONLY___  
2022-08-30 11:39:00,014 INFO     ___FILE_ONLY___ delete-custom-constraint[m
2022-08-30 11:39:00,014 INFO     ___FILE_ONLY___ 

2022-08-30 11:39:00,014 INFO     ___FILE_ONLY___       ▪
2022-08-30 11:39:00,014 INFO     ___FILE_ONLY___  
2022-08-30 11:39:00,014 INFO     ___FILE_ONLY___ [1mgcloud
2022-08-30 11:39:00,014 INFO     ___FILE_ONLY___  
2022-08-30 11:39:00,014 INFO     ___FILE_ONLY___ org-policies
2022-08-30 11:39:00,014 INFO     ___FILE_ONLY___  
2022-08-30 11:39:00,014 INFO     ___FILE_ONLY___ list-custom-constraints[m.
2022-08-30 11:39:00,014 INFO     ___FILE_ONLY___ 

2022-08-30 11:39:00,014 INFO     ___FILE_ONLY___ 

2022-08-30 11:39:00,014 INFO     ___FILE_ONLY___ [m
2022-08-30 11:39:00,014 INFO     ___FILE_ONLY___   
2022-08-30 11:39:00,014 INFO     ___FILE_ONLY___ [1mCloud SQL[m

2022-08-30 11:39:00,014 INFO     ___FILE_ONLY___       ▪
2022-08-30 11:39:00,014 INFO     ___FILE_ONLY___  
2022-08-30 11:39:00,014 INFO     ___FILE_ONLY___ Set
2022-08-30 11:39:00,014 INFO     ___FILE_ONLY___  
2022-08-30 11:39:00,014 INFO     ___FILE_ONLY___ the
2022-08-30 11:39:00,014 INFO     ___FILE_ONLY___  
2022-08-30 11:39:00,014 INFO     ___FILE_ONLY___ maximum
2022-08-30 11:39:00,014 INFO     ___FILE_ONLY___  
2022-08-30 11:39:00,014 INFO     ___FILE_ONLY___ allowed
2022-08-30 11:39:00,014 INFO     ___FILE_ONLY___  
2022-08-30 11:39:00,014 INFO     ___FILE_ONLY___ value
2022-08-30 11:39:00,014 INFO     ___FILE_ONLY___  
2022-08-30 11:39:00,014 INFO     ___FILE_ONLY___ for
2022-08-30 11:39:00,014 INFO     ___FILE_ONLY___  
2022-08-30 11:39:00,014 INFO     ___FILE_ONLY___ [1m--storage-auto-increase-limit[m
2022-08-30 11:39:00,014 INFO     ___FILE_ONLY___  
2022-08-30 11:39:00,014 INFO     ___FILE_ONLY___ in
2022-08-30 11:39:00,014 INFO     ___FILE_ONLY___ 

2022-08-30 11:39:00,014 INFO     ___FILE_ONLY___         
2022-08-30 11:39:00,014 INFO     ___FILE_ONLY___ [1mgcloud
2022-08-30 11:39:00,014 INFO     ___FILE_ONLY___  
2022-08-30 11:39:00,014 INFO     ___FILE_ONLY___ beta
2022-08-30 11:39:00,014 INFO     ___FILE_ONLY___  
2022-08-30 11:39:00,015 INFO     ___FILE_ONLY___ sql
2022-08-30 11:39:00,015 INFO     ___FILE_ONLY___  
2022-08-30 11:39:00,015 INFO     ___FILE_ONLY___ instances
2022-08-30 11:39:00,015 INFO     ___FILE_ONLY___  
2022-08-30 11:39:00,015 INFO     ___FILE_ONLY___ create[m
2022-08-30 11:39:00,015 INFO     ___FILE_ONLY___  
2022-08-30 11:39:00,015 INFO     ___FILE_ONLY___ to
2022-08-30 11:39:00,015 INFO     ___FILE_ONLY___  
2022-08-30 11:39:00,015 INFO     ___FILE_ONLY___ the
2022-08-30 11:39:00,015 INFO     ___FILE_ONLY___  
2022-08-30 11:39:00,015 INFO     ___FILE_ONLY___ max
2022-08-30 11:39:00,015 INFO     ___FILE_ONLY___  
2022-08-30 11:39:00,015 INFO     ___FILE_ONLY___ value
2022-08-30 11:39:00,015 INFO     ___FILE_ONLY___  
2022-08-30 11:39:00,015 INFO     ___FILE_ONLY___ of
2022-08-30 11:39:00,015 INFO     ___FILE_ONLY___  
2022-08-30 11:39:00,015 INFO     ___FILE_ONLY___ int.
2022-08-30 11:39:00,015 INFO     ___FILE_ONLY___  
2022-08-30 11:39:00,015 INFO     ___FILE_ONLY___ This
2022-08-30 11:39:00,015 INFO     ___FILE_ONLY___  
2022-08-30 11:39:00,015 INFO     ___FILE_ONLY___ removes
2022-08-30 11:39:00,015 INFO     ___FILE_ONLY___ 

2022-08-30 11:39:00,015 INFO     ___FILE_ONLY___         
2022-08-30 11:39:00,015 INFO     ___FILE_ONLY___ the
2022-08-30 11:39:00,015 INFO     ___FILE_ONLY___  
2022-08-30 11:39:00,015 INFO     ___FILE_ONLY___ hardcoded
2022-08-30 11:39:00,015 INFO     ___FILE_ONLY___  
2022-08-30 11:39:00,015 INFO     ___FILE_ONLY___ limit
2022-08-30 11:39:00,015 INFO     ___FILE_ONLY___  
2022-08-30 11:39:00,015 INFO     ___FILE_ONLY___ of
2022-08-30 11:39:00,015 INFO     ___FILE_ONLY___  
2022-08-30 11:39:00,015 INFO     ___FILE_ONLY___ 10230.
2022-08-30 11:39:00,015 INFO     ___FILE_ONLY___ 

2022-08-30 11:39:00,015 INFO     ___FILE_ONLY___ 

2022-08-30 11:39:00,015 INFO     ___FILE_ONLY___ [m
2022-08-30 11:39:00,015 INFO     ___FILE_ONLY___   
2022-08-30 11:39:00,015 INFO     ___FILE_ONLY___ [1mCloud Spanner[m

2022-08-30 11:39:00,015 INFO     ___FILE_ONLY___       ▪
2022-08-30 11:39:00,015 INFO     ___FILE_ONLY___  
2022-08-30 11:39:00,015 INFO     ___FILE_ONLY___ Promoted
2022-08-30 11:39:00,015 INFO     ___FILE_ONLY___  
2022-08-30 11:39:00,015 INFO     ___FILE_ONLY___ [1mgcloud
2022-08-30 11:39:00,016 INFO     ___FILE_ONLY___  
2022-08-30 11:39:00,016 INFO     ___FILE_ONLY___ spanner
2022-08-30 11:39:00,016 INFO     ___FILE_ONLY___  
2022-08-30 11:39:00,016 INFO     ___FILE_ONLY___ samples[m
2022-08-30 11:39:00,016 INFO     ___FILE_ONLY___  
2022-08-30 11:39:00,016 INFO     ___FILE_ONLY___ to
2022-08-30 11:39:00,016 INFO     ___FILE_ONLY___  
2022-08-30 11:39:00,016 INFO     ___FILE_ONLY___ beta
2022-08-30 11:39:00,016 INFO     ___FILE_ONLY___  
2022-08-30 11:39:00,016 INFO     ___FILE_ONLY___ and
2022-08-30 11:39:00,016 INFO     ___FILE_ONLY___  
2022-08-30 11:39:00,016 INFO     ___FILE_ONLY___ GA.
2022-08-30 11:39:00,016 INFO     ___FILE_ONLY___  
2022-08-30 11:39:00,016 INFO     ___FILE_ONLY___ Commands
2022-08-30 11:39:00,016 INFO     ___FILE_ONLY___  
2022-08-30 11:39:00,016 INFO     ___FILE_ONLY___ in
2022-08-30 11:39:00,016 INFO     ___FILE_ONLY___  
2022-08-30 11:39:00,016 INFO     ___FILE_ONLY___ this
2022-08-30 11:39:00,016 INFO     ___FILE_ONLY___ 

2022-08-30 11:39:00,016 INFO     ___FILE_ONLY___         
2022-08-30 11:39:00,016 INFO     ___FILE_ONLY___ group
2022-08-30 11:39:00,016 INFO     ___FILE_ONLY___  
2022-08-30 11:39:00,016 INFO     ___FILE_ONLY___ support
2022-08-30 11:39:00,016 INFO     ___FILE_ONLY___  
2022-08-30 11:39:00,016 INFO     ___FILE_ONLY___ creating
2022-08-30 11:39:00,016 INFO     ___FILE_ONLY___  
2022-08-30 11:39:00,016 INFO     ___FILE_ONLY___ sample
2022-08-30 11:39:00,016 INFO     ___FILE_ONLY___  
2022-08-30 11:39:00,016 INFO     ___FILE_ONLY___ databases
2022-08-30 11:39:00,016 INFO     ___FILE_ONLY___  
2022-08-30 11:39:00,016 INFO     ___FILE_ONLY___ and
2022-08-30 11:39:00,016 INFO     ___FILE_ONLY___  
2022-08-30 11:39:00,016 INFO     ___FILE_ONLY___ running
2022-08-30 11:39:00,016 INFO     ___FILE_ONLY___  
2022-08-30 11:39:00,016 INFO     ___FILE_ONLY___ open
2022-08-30 11:39:00,016 INFO     ___FILE_ONLY___  
2022-08-30 11:39:00,016 INFO     ___FILE_ONLY___ source
2022-08-30 11:39:00,016 INFO     ___FILE_ONLY___  
2022-08-30 11:39:00,016 INFO     ___FILE_ONLY___ sample
2022-08-30 11:39:00,016 INFO     ___FILE_ONLY___ 

2022-08-30 11:39:00,016 INFO     ___FILE_ONLY___         
2022-08-30 11:39:00,016 INFO     ___FILE_ONLY___ applications.
2022-08-30 11:39:00,016 INFO     ___FILE_ONLY___ 

2022-08-30 11:39:00,016 INFO     ___FILE_ONLY___       ▪
2022-08-30 11:39:00,017 INFO     ___FILE_ONLY___  
2022-08-30 11:39:00,017 INFO     ___FILE_ONLY___ Added
2022-08-30 11:39:00,017 INFO     ___FILE_ONLY___  
2022-08-30 11:39:00,017 INFO     ___FILE_ONLY___ [1m--instance-type[m,
2022-08-30 11:39:00,017 INFO     ___FILE_ONLY___  
2022-08-30 11:39:00,017 INFO     ___FILE_ONLY___ [1m--expire-behavior[m
2022-08-30 11:39:00,017 INFO     ___FILE_ONLY___  
2022-08-30 11:39:00,017 INFO     ___FILE_ONLY___ flags
2022-08-30 11:39:00,017 INFO     ___FILE_ONLY___  
2022-08-30 11:39:00,017 INFO     ___FILE_ONLY___ to
2022-08-30 11:39:00,017 INFO     ___FILE_ONLY___  
2022-08-30 11:39:00,017 INFO     ___FILE_ONLY___ [1mspanner
2022-08-30 11:39:00,017 INFO     ___FILE_ONLY___  
2022-08-30 11:39:00,017 INFO     ___FILE_ONLY___ instances
2022-08-30 11:39:00,017 INFO     ___FILE_ONLY___ 

2022-08-30 11:39:00,017 INFO     ___FILE_ONLY___         
2022-08-30 11:39:00,017 INFO     ___FILE_ONLY___ create[m
2022-08-30 11:39:00,017 INFO     ___FILE_ONLY___  
2022-08-30 11:39:00,017 INFO     ___FILE_ONLY___ and
2022-08-30 11:39:00,017 INFO     ___FILE_ONLY___  
2022-08-30 11:39:00,017 INFO     ___FILE_ONLY___ [1mspanner
2022-08-30 11:39:00,017 INFO     ___FILE_ONLY___  
2022-08-30 11:39:00,017 INFO     ___FILE_ONLY___ instances
2022-08-30 11:39:00,017 INFO     ___FILE_ONLY___  
2022-08-30 11:39:00,017 INFO     ___FILE_ONLY___ update[m
2022-08-30 11:39:00,017 INFO     ___FILE_ONLY___  
2022-08-30 11:39:00,017 INFO     ___FILE_ONLY___ to
2022-08-30 11:39:00,017 INFO     ___FILE_ONLY___  
2022-08-30 11:39:00,017 INFO     ___FILE_ONLY___ add
2022-08-30 11:39:00,017 INFO     ___FILE_ONLY___  
2022-08-30 11:39:00,017 INFO     ___FILE_ONLY___ ability
2022-08-30 11:39:00,017 INFO     ___FILE_ONLY___  
2022-08-30 11:39:00,017 INFO     ___FILE_ONLY___ to
2022-08-30 11:39:00,017 INFO     ___FILE_ONLY___  
2022-08-30 11:39:00,017 INFO     ___FILE_ONLY___ create
2022-08-30 11:39:00,017 INFO     ___FILE_ONLY___  
2022-08-30 11:39:00,017 INFO     ___FILE_ONLY___ free
2022-08-30 11:39:00,017 INFO     ___FILE_ONLY___ 

2022-08-30 11:39:00,017 INFO     ___FILE_ONLY___         
2022-08-30 11:39:00,017 INFO     ___FILE_ONLY___ instances
2022-08-30 11:39:00,017 INFO     ___FILE_ONLY___  
2022-08-30 11:39:00,017 INFO     ___FILE_ONLY___ in
2022-08-30 11:39:00,017 INFO     ___FILE_ONLY___  
2022-08-30 11:39:00,017 INFO     ___FILE_ONLY___ GA.
2022-08-30 11:39:00,017 INFO     ___FILE_ONLY___ 

2022-08-30 11:39:00,017 INFO     ___FILE_ONLY___       ▪
2022-08-30 11:39:00,017 INFO     ___FILE_ONLY___  
2022-08-30 11:39:00,018 INFO     ___FILE_ONLY___ Added
2022-08-30 11:39:00,018 INFO     ___FILE_ONLY___  
2022-08-30 11:39:00,018 INFO     ___FILE_ONLY___ instance_type
2022-08-30 11:39:00,018 INFO     ___FILE_ONLY___  
2022-08-30 11:39:00,018 INFO     ___FILE_ONLY___ column
2022-08-30 11:39:00,018 INFO     ___FILE_ONLY___  
2022-08-30 11:39:00,018 INFO     ___FILE_ONLY___ for
2022-08-30 11:39:00,018 INFO     ___FILE_ONLY___  
2022-08-30 11:39:00,018 INFO     ___FILE_ONLY___ [1mspanner
2022-08-30 11:39:00,018 INFO     ___FILE_ONLY___  
2022-08-30 11:39:00,018 INFO     ___FILE_ONLY___ instances
2022-08-30 11:39:00,018 INFO     ___FILE_ONLY___  
2022-08-30 11:39:00,018 INFO     ___FILE_ONLY___ list[m
2022-08-30 11:39:00,018 INFO     ___FILE_ONLY___  
2022-08-30 11:39:00,018 INFO     ___FILE_ONLY___ and
2022-08-30 11:39:00,018 INFO     ___FILE_ONLY___ 

2022-08-30 11:39:00,018 INFO     ___FILE_ONLY___         
2022-08-30 11:39:00,018 INFO     ___FILE_ONLY___ free_instance_availability
2022-08-30 11:39:00,018 INFO     ___FILE_ONLY___  
2022-08-30 11:39:00,018 INFO     ___FILE_ONLY___ column
2022-08-30 11:39:00,018 INFO     ___FILE_ONLY___  
2022-08-30 11:39:00,018 INFO     ___FILE_ONLY___ for
2022-08-30 11:39:00,018 INFO     ___FILE_ONLY___  
2022-08-30 11:39:00,018 INFO     ___FILE_ONLY___ [1mspanner
2022-08-30 11:39:00,018 INFO     ___FILE_ONLY___  
2022-08-30 11:39:00,018 INFO     ___FILE_ONLY___ instance-configs
2022-08-30 11:39:00,018 INFO     ___FILE_ONLY___  
2022-08-30 11:39:00,018 INFO     ___FILE_ONLY___ list[m.
2022-08-30 11:39:00,018 INFO     ___FILE_ONLY___ 

2022-08-30 11:39:00,018 INFO     ___FILE_ONLY___ 

2022-08-30 11:39:00,018 INFO     ___FILE_ONLY___ [m
2022-08-30 11:39:00,018 INFO     ___FILE_ONLY___   
2022-08-30 11:39:00,018 INFO     ___FILE_ONLY___ [1mCompute Engine[m

2022-08-30 11:39:00,018 INFO     ___FILE_ONLY___       ▪
2022-08-30 11:39:00,018 INFO     ___FILE_ONLY___  
2022-08-30 11:39:00,018 INFO     ___FILE_ONLY___ Promoted
2022-08-30 11:39:00,018 INFO     ___FILE_ONLY___  
2022-08-30 11:39:00,018 INFO     ___FILE_ONLY___ [1m--architecture[m
2022-08-30 11:39:00,018 INFO     ___FILE_ONLY___  
2022-08-30 11:39:00,018 INFO     ___FILE_ONLY___ flag
2022-08-30 11:39:00,018 INFO     ___FILE_ONLY___  
2022-08-30 11:39:00,018 INFO     ___FILE_ONLY___ of
2022-08-30 11:39:00,018 INFO     ___FILE_ONLY___  
2022-08-30 11:39:00,018 INFO     ___FILE_ONLY___ [1mgcloud
2022-08-30 11:39:00,018 INFO     ___FILE_ONLY___  
2022-08-30 11:39:00,018 INFO     ___FILE_ONLY___ compute
2022-08-30 11:39:00,018 INFO     ___FILE_ONLY___  
2022-08-30 11:39:00,018 INFO     ___FILE_ONLY___ disks
2022-08-30 11:39:00,018 INFO     ___FILE_ONLY___  
2022-08-30 11:39:00,019 INFO     ___FILE_ONLY___ create[m
2022-08-30 11:39:00,019 INFO     ___FILE_ONLY___  
2022-08-30 11:39:00,019 INFO     ___FILE_ONLY___ to
2022-08-30 11:39:00,019 INFO     ___FILE_ONLY___  
2022-08-30 11:39:00,019 INFO     ___FILE_ONLY___ GA.
2022-08-30 11:39:00,019 INFO     ___FILE_ONLY___ 

2022-08-30 11:39:00,019 INFO     ___FILE_ONLY___       ▪
2022-08-30 11:39:00,019 INFO     ___FILE_ONLY___  
2022-08-30 11:39:00,019 INFO     ___FILE_ONLY___ Promoted
2022-08-30 11:39:00,019 INFO     ___FILE_ONLY___  
2022-08-30 11:39:00,019 INFO     ___FILE_ONLY___ [1m--update-architecture[m
2022-08-30 11:39:00,019 INFO     ___FILE_ONLY___  
2022-08-30 11:39:00,019 INFO     ___FILE_ONLY___ flags
2022-08-30 11:39:00,019 INFO     ___FILE_ONLY___  
2022-08-30 11:39:00,019 INFO     ___FILE_ONLY___ of
2022-08-30 11:39:00,019 INFO     ___FILE_ONLY___  
2022-08-30 11:39:00,019 INFO     ___FILE_ONLY___ [1mgcloud
2022-08-30 11:39:00,019 INFO     ___FILE_ONLY___  
2022-08-30 11:39:00,019 INFO     ___FILE_ONLY___ compute
2022-08-30 11:39:00,019 INFO     ___FILE_ONLY___  
2022-08-30 11:39:00,019 INFO     ___FILE_ONLY___ disks
2022-08-30 11:39:00,019 INFO     ___FILE_ONLY___  
2022-08-30 11:39:00,019 INFO     ___FILE_ONLY___ update[m
2022-08-30 11:39:00,019 INFO     ___FILE_ONLY___ 

2022-08-30 11:39:00,019 INFO     ___FILE_ONLY___         
2022-08-30 11:39:00,019 INFO     ___FILE_ONLY___ to
2022-08-30 11:39:00,019 INFO     ___FILE_ONLY___  
2022-08-30 11:39:00,019 INFO     ___FILE_ONLY___ GA.
2022-08-30 11:39:00,019 INFO     ___FILE_ONLY___ 

2022-08-30 11:39:00,019 INFO     ___FILE_ONLY___       ▪
2022-08-30 11:39:00,019 INFO     ___FILE_ONLY___  
2022-08-30 11:39:00,019 INFO     ___FILE_ONLY___ Promoted
2022-08-30 11:39:00,019 INFO     ___FILE_ONLY___  
2022-08-30 11:39:00,019 INFO     ___FILE_ONLY___ [1m--clear-architecture[m
2022-08-30 11:39:00,019 INFO     ___FILE_ONLY___  
2022-08-30 11:39:00,019 INFO     ___FILE_ONLY___ flags
2022-08-30 11:39:00,019 INFO     ___FILE_ONLY___  
2022-08-30 11:39:00,019 INFO     ___FILE_ONLY___ of
2022-08-30 11:39:00,019 INFO     ___FILE_ONLY___  
2022-08-30 11:39:00,019 INFO     ___FILE_ONLY___ [1mgcloud
2022-08-30 11:39:00,019 INFO     ___FILE_ONLY___  
2022-08-30 11:39:00,019 INFO     ___FILE_ONLY___ compute
2022-08-30 11:39:00,019 INFO     ___FILE_ONLY___  
2022-08-30 11:39:00,019 INFO     ___FILE_ONLY___ disks
2022-08-30 11:39:00,019 INFO     ___FILE_ONLY___  
2022-08-30 11:39:00,019 INFO     ___FILE_ONLY___ update[m
2022-08-30 11:39:00,019 INFO     ___FILE_ONLY___  
2022-08-30 11:39:00,020 INFO     ___FILE_ONLY___ to
2022-08-30 11:39:00,020 INFO     ___FILE_ONLY___ 

2022-08-30 11:39:00,020 INFO     ___FILE_ONLY___         
2022-08-30 11:39:00,020 INFO     ___FILE_ONLY___ GA.
2022-08-30 11:39:00,020 INFO     ___FILE_ONLY___ 

2022-08-30 11:39:00,020 INFO     ___FILE_ONLY___       ▪
2022-08-30 11:39:00,020 INFO     ___FILE_ONLY___  
2022-08-30 11:39:00,020 INFO     ___FILE_ONLY___ Promoted
2022-08-30 11:39:00,020 INFO     ___FILE_ONLY___  
2022-08-30 11:39:00,020 INFO     ___FILE_ONLY___ [1m--architecture[m
2022-08-30 11:39:00,020 INFO     ___FILE_ONLY___  
2022-08-30 11:39:00,020 INFO     ___FILE_ONLY___ flag
2022-08-30 11:39:00,020 INFO     ___FILE_ONLY___  
2022-08-30 11:39:00,020 INFO     ___FILE_ONLY___ of
2022-08-30 11:39:00,020 INFO     ___FILE_ONLY___  
2022-08-30 11:39:00,020 INFO     ___FILE_ONLY___ [1mgcloud
2022-08-30 11:39:00,020 INFO     ___FILE_ONLY___  
2022-08-30 11:39:00,020 INFO     ___FILE_ONLY___ compute
2022-08-30 11:39:00,020 INFO     ___FILE_ONLY___  
2022-08-30 11:39:00,020 INFO     ___FILE_ONLY___ images
2022-08-30 11:39:00,020 INFO     ___FILE_ONLY___  
2022-08-30 11:39:00,020 INFO     ___FILE_ONLY___ create[m
2022-08-30 11:39:00,020 INFO     ___FILE_ONLY___  
2022-08-30 11:39:00,020 INFO     ___FILE_ONLY___ and
2022-08-30 11:39:00,020 INFO     ___FILE_ONLY___ 

2022-08-30 11:39:00,020 INFO     ___FILE_ONLY___         
2022-08-30 11:39:00,020 INFO     ___FILE_ONLY___ [1mgcloud
2022-08-30 11:39:00,020 INFO     ___FILE_ONLY___  
2022-08-30 11:39:00,020 INFO     ___FILE_ONLY___ compute
2022-08-30 11:39:00,020 INFO     ___FILE_ONLY___  
2022-08-30 11:39:00,020 INFO     ___FILE_ONLY___ disks
2022-08-30 11:39:00,020 INFO     ___FILE_ONLY___  
2022-08-30 11:39:00,020 INFO     ___FILE_ONLY___ update[m
2022-08-30 11:39:00,020 INFO     ___FILE_ONLY___  
2022-08-30 11:39:00,020 INFO     ___FILE_ONLY___ to
2022-08-30 11:39:00,020 INFO     ___FILE_ONLY___  
2022-08-30 11:39:00,020 INFO     ___FILE_ONLY___ GA.
2022-08-30 11:39:00,020 INFO     ___FILE_ONLY___ 

2022-08-30 11:39:00,020 INFO     ___FILE_ONLY___ 

2022-08-30 11:39:00,020 INFO     ___FILE_ONLY___ [m
2022-08-30 11:39:00,020 INFO     ___FILE_ONLY___   
2022-08-30 11:39:00,020 INFO     ___FILE_ONLY___ [1mNetwork Services[m

2022-08-30 11:39:00,020 INFO     ___FILE_ONLY___       ▪
2022-08-30 11:39:00,020 INFO     ___FILE_ONLY___  
2022-08-30 11:39:00,020 INFO     ___FILE_ONLY___ Promoted
2022-08-30 11:39:00,020 INFO     ___FILE_ONLY___  
2022-08-30 11:39:00,020 INFO     ___FILE_ONLY___ [1mgcloud
2022-08-30 11:39:00,020 INFO     ___FILE_ONLY___  
2022-08-30 11:39:00,021 INFO     ___FILE_ONLY___ network-services
2022-08-30 11:39:00,021 INFO     ___FILE_ONLY___  
2022-08-30 11:39:00,021 INFO     ___FILE_ONLY___ tls-routes[m
2022-08-30 11:39:00,021 INFO     ___FILE_ONLY___  
2022-08-30 11:39:00,021 INFO     ___FILE_ONLY___ to
2022-08-30 11:39:00,021 INFO     ___FILE_ONLY___  
2022-08-30 11:39:00,021 INFO     ___FILE_ONLY___ GA.
2022-08-30 11:39:00,021 INFO     ___FILE_ONLY___ 

2022-08-30 11:39:00,021 INFO     ___FILE_ONLY___ 

2022-08-30 11:39:00,021 INFO     ___FILE_ONLY___ [m
2022-08-30 11:39:00,021 INFO     ___FILE_ONLY___   
2022-08-30 11:39:00,021 INFO     ___FILE_ONLY___ [1mNotebooks[m

2022-08-30 11:39:00,021 INFO     ___FILE_ONLY___       ▪
2022-08-30 11:39:00,021 INFO     ___FILE_ONLY___  
2022-08-30 11:39:00,021 INFO     ___FILE_ONLY___ Added
2022-08-30 11:39:00,021 INFO     ___FILE_ONLY___  
2022-08-30 11:39:00,021 INFO     ___FILE_ONLY___ [1mnotebooks
2022-08-30 11:39:00,021 INFO     ___FILE_ONLY___  
2022-08-30 11:39:00,021 INFO     ___FILE_ONLY___ runtimes[m
2022-08-30 11:39:00,021 INFO     ___FILE_ONLY___  
2022-08-30 11:39:00,021 INFO     ___FILE_ONLY___ command
2022-08-30 11:39:00,021 INFO     ___FILE_ONLY___  
2022-08-30 11:39:00,021 INFO     ___FILE_ONLY___ group
2022-08-30 11:39:00,021 INFO     ___FILE_ONLY___  
2022-08-30 11:39:00,021 INFO     ___FILE_ONLY___ which
2022-08-30 11:39:00,021 INFO     ___FILE_ONLY___  
2022-08-30 11:39:00,021 INFO     ___FILE_ONLY___ provides
2022-08-30 11:39:00,021 INFO     ___FILE_ONLY___  
2022-08-30 11:39:00,021 INFO     ___FILE_ONLY___ access
2022-08-30 11:39:00,021 INFO     ___FILE_ONLY___  
2022-08-30 11:39:00,021 INFO     ___FILE_ONLY___ to
2022-08-30 11:39:00,021 INFO     ___FILE_ONLY___  
2022-08-30 11:39:00,021 INFO     ___FILE_ONLY___ AI
2022-08-30 11:39:00,021 INFO     ___FILE_ONLY___ 

2022-08-30 11:39:00,021 INFO     ___FILE_ONLY___         
2022-08-30 11:39:00,021 INFO     ___FILE_ONLY___ Platform
2022-08-30 11:39:00,021 INFO     ___FILE_ONLY___  
2022-08-30 11:39:00,021 INFO     ___FILE_ONLY___ Notebooks'
2022-08-30 11:39:00,021 INFO     ___FILE_ONLY___  
2022-08-30 11:39:00,021 INFO     ___FILE_ONLY___ runtimes.
2022-08-30 11:39:00,021 INFO     ___FILE_ONLY___ 

2022-08-30 11:39:00,021 INFO     ___FILE_ONLY___ 

2022-08-30 11:39:00,021 INFO     ___FILE_ONLY___ [m
2022-08-30 11:39:00,021 INFO     ___FILE_ONLY___   
2022-08-30 11:39:00,021 INFO     ___FILE_ONLY___ [1mTransfer[m

2022-08-30 11:39:00,021 INFO     ___FILE_ONLY___       ▪
2022-08-30 11:39:00,022 INFO     ___FILE_ONLY___  
2022-08-30 11:39:00,022 INFO     ___FILE_ONLY___ Added
2022-08-30 11:39:00,022 INFO     ___FILE_ONLY___  
2022-08-30 11:39:00,022 INFO     ___FILE_ONLY___ multipart
2022-08-30 11:39:00,022 INFO     ___FILE_ONLY___  
2022-08-30 11:39:00,022 INFO     ___FILE_ONLY___ copy
2022-08-30 11:39:00,022 INFO     ___FILE_ONLY___  
2022-08-30 11:39:00,022 INFO     ___FILE_ONLY___ feature
2022-08-30 11:39:00,022 INFO     ___FILE_ONLY___  
2022-08-30 11:39:00,022 INFO     ___FILE_ONLY___ to
2022-08-30 11:39:00,022 INFO     ___FILE_ONLY___  
2022-08-30 11:39:00,022 INFO     ___FILE_ONLY___ agent
2022-08-30 11:39:00,022 INFO     ___FILE_ONLY___  
2022-08-30 11:39:00,022 INFO     ___FILE_ONLY___ setup
2022-08-30 11:39:00,022 INFO     ___FILE_ONLY___  
2022-08-30 11:39:00,022 INFO     ___FILE_ONLY___ flags.
2022-08-30 11:39:00,022 INFO     ___FILE_ONLY___ 

2022-08-30 11:39:00,022 INFO     ___FILE_ONLY___ 

2022-08-30 11:39:00,022 INFO     ___FILE_ONLY___    
2022-08-30 11:39:00,022 INFO     ___FILE_ONLY___  
2022-08-30 11:39:00,022 INFO     ___FILE_ONLY___ Subscribe
2022-08-30 11:39:00,022 INFO     ___FILE_ONLY___  
2022-08-30 11:39:00,022 INFO     ___FILE_ONLY___ to
2022-08-30 11:39:00,022 INFO     ___FILE_ONLY___  
2022-08-30 11:39:00,022 INFO     ___FILE_ONLY___ these
2022-08-30 11:39:00,022 INFO     ___FILE_ONLY___  
2022-08-30 11:39:00,022 INFO     ___FILE_ONLY___ release
2022-08-30 11:39:00,022 INFO     ___FILE_ONLY___  
2022-08-30 11:39:00,022 INFO     ___FILE_ONLY___ notes
2022-08-30 11:39:00,022 INFO     ___FILE_ONLY___  
2022-08-30 11:39:00,022 INFO     ___FILE_ONLY___ at
2022-08-30 11:39:00,022 INFO     ___FILE_ONLY___ 

2022-08-30 11:39:00,022 INFO     ___FILE_ONLY___     
2022-08-30 11:39:00,022 INFO     ___FILE_ONLY___ https://groups.google.com/forum/#!forum/google-cloud-sdk-announce
2022-08-30 11:39:00,022 INFO     ___FILE_ONLY___ 

2022-08-30 11:39:00,022 INFO     ___FILE_ONLY___     
2022-08-30 11:39:00,022 INFO     ___FILE_ONLY___ (https://groups.google.com/forum/#!forum/google-cloud-sdk-announce).
2022-08-30 11:39:00,022 INFO     ___FILE_ONLY___ 

2022-08-30 11:39:00,022 INFO     ___FILE_ONLY___ [m
2022-08-30 11:39:00,022 INFO     ___FILE_ONLY___ 

2022-08-30 11:39:02,479 INFO     ___FILE_ONLY___ ╔════════════════════════════════════════════════════════════╗

2022-08-30 11:39:02,479 INFO     ___FILE_ONLY___ ╠═ Creating update staging area                             ═╣

2022-08-30 11:39:02,479 INFO     ___FILE_ONLY___ ╚
2022-08-30 11:39:02,479 INFO     ___FILE_ONLY___ ══════
2022-08-30 11:39:04,911 INFO     ___FILE_ONLY___ ══════
2022-08-30 11:39:04,911 INFO     ___FILE_ONLY___ ══════
2022-08-30 11:39:05,264 INFO     ___FILE_ONLY___ ═
2022-08-30 11:39:05,396 INFO     ___FILE_ONLY___ ═
2022-08-30 11:39:05,489 INFO     ___FILE_ONLY___ ═
2022-08-30 11:39:05,682 INFO     ___FILE_ONLY___ ═
2022-08-30 11:39:05,871 INFO     ___FILE_ONLY___ ═
2022-08-30 11:39:05,984 INFO     ___FILE_ONLY___ ═
2022-08-30 11:39:06,088 INFO     ___FILE_ONLY___ ═
2022-08-30 11:39:06,271 INFO     ___FILE_ONLY___ ═
2022-08-30 11:39:06,551 INFO     ___FILE_ONLY___ ═
2022-08-30 11:39:06,800 INFO     ___FILE_ONLY___ ═
2022-08-30 11:39:06,940 INFO     ___FILE_ONLY___ ═
2022-08-30 11:39:07,034 INFO     ___FILE_ONLY___ ═
2022-08-30 11:39:07,205 INFO     ___FILE_ONLY___ ═
2022-08-30 11:39:07,309 INFO     ___FILE_ONLY___ ═
2022-08-30 11:39:07,393 INFO     ___FILE_ONLY___ ═
2022-08-30 11:39:07,523 INFO     ___FILE_ONLY___ ═
2022-08-30 11:39:07,741 INFO     ___FILE_ONLY___ ═
2022-08-30 11:39:07,842 INFO     ___FILE_ONLY___ ═
2022-08-30 11:39:07,949 INFO     ___FILE_ONLY___ ═
2022-08-30 11:39:08,061 INFO     ___FILE_ONLY___ ═
2022-08-30 11:39:08,135 INFO     ___FILE_ONLY___ ═
2022-08-30 11:39:08,206 INFO     ___FILE_ONLY___ ═
2022-08-30 11:39:08,339 INFO     ___FILE_ONLY___ ═
2022-08-30 11:39:08,439 INFO     ___FILE_ONLY___ ═
2022-08-30 11:39:08,523 INFO     ___FILE_ONLY___ ═
2022-08-30 11:39:08,626 INFO     ___FILE_ONLY___ ═
2022-08-30 11:39:08,741 INFO     ___FILE_ONLY___ ═
2022-08-30 11:39:08,853 INFO     ___FILE_ONLY___ ═
2022-08-30 11:39:08,953 INFO     ___FILE_ONLY___ ═
2022-08-30 11:39:09,056 INFO     ___FILE_ONLY___ ═
2022-08-30 11:39:09,159 INFO     ___FILE_ONLY___ ═
2022-08-30 11:39:09,284 INFO     ___FILE_ONLY___ ═
2022-08-30 11:39:09,390 INFO     ___FILE_ONLY___ ═
2022-08-30 11:39:09,506 INFO     ___FILE_ONLY___ ═
2022-08-30 11:39:09,605 INFO     ___FILE_ONLY___ ═
2022-08-30 11:39:09,711 INFO     ___FILE_ONLY___ ═
2022-08-30 11:39:09,812 INFO     ___FILE_ONLY___ ═
2022-08-30 11:39:09,896 INFO     ___FILE_ONLY___ ═
2022-08-30 11:39:10,013 INFO     ___FILE_ONLY___ ═
2022-08-30 11:39:10,098 INFO     ___FILE_ONLY___ ═
2022-08-30 11:39:10,258 INFO     ___FILE_ONLY___ ═
2022-08-30 11:39:10,337 INFO     ___FILE_ONLY___ ═
2022-08-30 11:39:10,337 INFO     ___FILE_ONLY___ ╝
2022-08-30 11:39:14,016 INFO     ___FILE_ONLY___ ╠════════════════════════════════════════════════════════════╣

2022-08-30 11:39:14,016 INFO     ___FILE_ONLY___ ╠═ Uninstalling: Google Cloud CLI Core Libraries            ═╣

2022-08-30 11:39:14,016 INFO     ___FILE_ONLY___ ╚
2022-08-30 11:39:14,027 INFO     ___FILE_ONLY___ ═
2022-08-30 11:39:14,038 INFO     ___FILE_ONLY___ ═
2022-08-30 11:39:14,048 INFO     ___FILE_ONLY___ ═
2022-08-30 11:39:14,057 INFO     ___FILE_ONLY___ ═
2022-08-30 11:39:14,066 INFO     ___FILE_ONLY___ ═
2022-08-30 11:39:14,076 INFO     ___FILE_ONLY___ ═
2022-08-30 11:39:14,085 INFO     ___FILE_ONLY___ ═
2022-08-30 11:39:14,095 INFO     ___FILE_ONLY___ ═
2022-08-30 11:39:14,104 INFO     ___FILE_ONLY___ ═
2022-08-30 11:39:14,113 INFO     ___FILE_ONLY___ ═
2022-08-30 11:39:14,121 INFO     ___FILE_ONLY___ ═
2022-08-30 11:39:14,129 INFO     ___FILE_ONLY___ ═
2022-08-30 11:39:14,138 INFO     ___FILE_ONLY___ ═
2022-08-30 11:39:14,147 INFO     ___FILE_ONLY___ ═
2022-08-30 11:39:14,184 INFO     ___FILE_ONLY___ ═
2022-08-30 11:39:14,197 INFO     ___FILE_ONLY___ ═
2022-08-30 11:39:14,207 INFO     ___FILE_ONLY___ ═
2022-08-30 11:39:14,216 INFO     ___FILE_ONLY___ ═
2022-08-30 11:39:14,225 INFO     ___FILE_ONLY___ ═
2022-08-30 11:39:14,235 INFO     ___FILE_ONLY___ ═
2022-08-30 11:39:14,244 INFO     ___FILE_ONLY___ ═
2022-08-30 11:39:14,254 INFO     ___FILE_ONLY___ ═
2022-08-30 11:39:14,264 INFO     ___FILE_ONLY___ ═
2022-08-30 11:39:14,273 INFO     ___FILE_ONLY___ ═
2022-08-30 11:39:14,282 INFO     ___FILE_ONLY___ ═
2022-08-30 11:39:14,293 INFO     ___FILE_ONLY___ ═
2022-08-30 11:39:14,302 INFO     ___FILE_ONLY___ ═
2022-08-30 11:39:14,311 INFO     ___FILE_ONLY___ ═
2022-08-30 11:39:14,321 INFO     ___FILE_ONLY___ ═
2022-08-30 11:39:14,331 INFO     ___FILE_ONLY___ ═
2022-08-30 11:39:14,339 INFO     ___FILE_ONLY___ ═
2022-08-30 11:39:14,348 INFO     ___FILE_ONLY___ ═
2022-08-30 11:39:14,357 INFO     ___FILE_ONLY___ ═
2022-08-30 11:39:14,367 INFO     ___FILE_ONLY___ ═
2022-08-30 11:39:14,375 INFO     ___FILE_ONLY___ ═
2022-08-30 11:39:14,384 INFO     ___FILE_ONLY___ ═
2022-08-30 11:39:14,392 INFO     ___FILE_ONLY___ ═
2022-08-30 11:39:14,401 INFO     ___FILE_ONLY___ ═
2022-08-30 11:39:14,409 INFO     ___FILE_ONLY___ ═
2022-08-30 11:39:14,417 INFO     ___FILE_ONLY___ ═
2022-08-30 11:39:14,426 INFO     ___FILE_ONLY___ ═
2022-08-30 11:39:14,434 INFO     ___FILE_ONLY___ ═
2022-08-30 11:39:14,443 INFO     ___FILE_ONLY___ ═
2022-08-30 11:39:14,451 INFO     ___FILE_ONLY___ ═
2022-08-30 11:39:14,460 INFO     ___FILE_ONLY___ ═
2022-08-30 11:39:14,468 INFO     ___FILE_ONLY___ ═
2022-08-30 11:39:14,477 INFO     ___FILE_ONLY___ ═
2022-08-30 11:39:14,485 INFO     ___FILE_ONLY___ ═
2022-08-30 11:39:14,493 INFO     ___FILE_ONLY___ ═
2022-08-30 11:39:14,502 INFO     ___FILE_ONLY___ ═
2022-08-30 11:39:14,511 INFO     ___FILE_ONLY___ ═
2022-08-30 11:39:14,520 INFO     ___FILE_ONLY___ ═
2022-08-30 11:39:14,560 INFO     ___FILE_ONLY___ ═
2022-08-30 11:39:14,571 INFO     ___FILE_ONLY___ ═
2022-08-30 11:39:14,583 INFO     ___FILE_ONLY___ ═
2022-08-30 11:39:14,592 INFO     ___FILE_ONLY___ ═
2022-08-30 11:39:14,601 INFO     ___FILE_ONLY___ ═
2022-08-30 11:39:14,610 INFO     ___FILE_ONLY___ ═
2022-08-30 11:39:14,618 INFO     ___FILE_ONLY___ ═
2022-08-30 11:39:14,626 INFO     ___FILE_ONLY___ ═
2022-08-30 11:39:14,626 INFO     ___FILE_ONLY___ ╝
2022-08-30 11:39:15,144 INFO     ___FILE_ONLY___ ╠════════════════════════════════════════════════════════════╣

2022-08-30 11:39:15,144 INFO     ___FILE_ONLY___ ╠═ Uninstalling: gcloud cli dependencies                    ═╣

2022-08-30 11:39:15,144 INFO     ___FILE_ONLY___ ╚
2022-08-30 11:39:15,148 INFO     ___FILE_ONLY___ ═
2022-08-30 11:39:15,152 INFO     ___FILE_ONLY___ ═
2022-08-30 11:39:15,155 INFO     ___FILE_ONLY___ ═
2022-08-30 11:39:15,159 INFO     ___FILE_ONLY___ ═
2022-08-30 11:39:15,162 INFO     ___FILE_ONLY___ ═
2022-08-30 11:39:15,165 INFO     ___FILE_ONLY___ ═
2022-08-30 11:39:15,169 INFO     ___FILE_ONLY___ ═
2022-08-30 11:39:15,172 INFO     ___FILE_ONLY___ ═
2022-08-30 11:39:15,176 INFO     ___FILE_ONLY___ ═
2022-08-30 11:39:15,180 INFO     ___FILE_ONLY___ ═
2022-08-30 11:39:15,183 INFO     ___FILE_ONLY___ ═
2022-08-30 11:39:15,186 INFO     ___FILE_ONLY___ ═
2022-08-30 11:39:15,190 INFO     ___FILE_ONLY___ ═
2022-08-30 11:39:15,194 INFO     ___FILE_ONLY___ ═
2022-08-30 11:39:15,197 INFO     ___FILE_ONLY___ ═
2022-08-30 11:39:15,201 INFO     ___FILE_ONLY___ ═
2022-08-30 11:39:15,205 INFO     ___FILE_ONLY___ ═
2022-08-30 11:39:15,208 INFO     ___FILE_ONLY___ ═
2022-08-30 11:39:15,212 INFO     ___FILE_ONLY___ ═
2022-08-30 11:39:15,215 INFO     ___FILE_ONLY___ ═
2022-08-30 11:39:15,219 INFO     ___FILE_ONLY___ ═
2022-08-30 11:39:15,223 INFO     ___FILE_ONLY___ ═
2022-08-30 11:39:15,227 INFO     ___FILE_ONLY___ ═
2022-08-30 11:39:15,231 INFO     ___FILE_ONLY___ ═
2022-08-30 11:39:15,234 INFO     ___FILE_ONLY___ ═
2022-08-30 11:39:15,238 INFO     ___FILE_ONLY___ ═
2022-08-30 11:39:15,241 INFO     ___FILE_ONLY___ ═
2022-08-30 11:39:15,246 INFO     ___FILE_ONLY___ ═
2022-08-30 11:39:15,249 INFO     ___FILE_ONLY___ ═
2022-08-30 11:39:15,253 INFO     ___FILE_ONLY___ ═
2022-08-30 11:39:15,256 INFO     ___FILE_ONLY___ ═
2022-08-30 11:39:15,260 INFO     ___FILE_ONLY___ ═
2022-08-30 11:39:15,264 INFO     ___FILE_ONLY___ ═
2022-08-30 11:39:15,268 INFO     ___FILE_ONLY___ ═
2022-08-30 11:39:15,272 INFO     ___FILE_ONLY___ ═
2022-08-30 11:39:15,277 INFO     ___FILE_ONLY___ ═
2022-08-30 11:39:15,281 INFO     ___FILE_ONLY___ ═
2022-08-30 11:39:15,284 INFO     ___FILE_ONLY___ ═
2022-08-30 11:39:15,288 INFO     ___FILE_ONLY___ ═
2022-08-30 11:39:15,292 INFO     ___FILE_ONLY___ ═
2022-08-30 11:39:15,295 INFO     ___FILE_ONLY___ ═
2022-08-30 11:39:15,299 INFO     ___FILE_ONLY___ ═
2022-08-30 11:39:15,302 INFO     ___FILE_ONLY___ ═
2022-08-30 11:39:15,306 INFO     ___FILE_ONLY___ ═
2022-08-30 11:39:15,309 INFO     ___FILE_ONLY___ ═
2022-08-30 11:39:15,313 INFO     ___FILE_ONLY___ ═
2022-08-30 11:39:15,317 INFO     ___FILE_ONLY___ ═
2022-08-30 11:39:15,320 INFO     ___FILE_ONLY___ ═
2022-08-30 11:39:15,323 INFO     ___FILE_ONLY___ ═
2022-08-30 11:39:15,326 INFO     ___FILE_ONLY___ ═
2022-08-30 11:39:15,329 INFO     ___FILE_ONLY___ ═
2022-08-30 11:39:15,332 INFO     ___FILE_ONLY___ ═
2022-08-30 11:39:15,336 INFO     ___FILE_ONLY___ ═
2022-08-30 11:39:15,338 INFO     ___FILE_ONLY___ ═
2022-08-30 11:39:15,342 INFO     ___FILE_ONLY___ ═
2022-08-30 11:39:15,345 INFO     ___FILE_ONLY___ ═
2022-08-30 11:39:15,349 INFO     ___FILE_ONLY___ ═
2022-08-30 11:39:15,352 INFO     ___FILE_ONLY___ ═
2022-08-30 11:39:15,356 INFO     ___FILE_ONLY___ ═
2022-08-30 11:39:15,359 INFO     ___FILE_ONLY___ ═
2022-08-30 11:39:15,359 INFO     ___FILE_ONLY___ ╝
2022-08-30 11:39:15,512 INFO     ___FILE_ONLY___ ╠════════════════════════════════════════════════════════════╣

2022-08-30 11:39:15,512 INFO     ___FILE_ONLY___ ╠═ Installing: Google Cloud CLI Core Libraries              ═╣

2022-08-30 11:39:15,512 INFO     ___FILE_ONLY___ ╚
2022-08-30 11:39:15,514 DEBUG    urllib3.connectionpool Starting new HTTPS connection (1): dl.google.com:443
2022-08-30 11:39:15,990 DEBUG    urllib3.connectionpool https://dl.google.com:443 "GET /dl/cloudsdk/channels/rapid/components/google-cloud-sdk-core-20220819155753.tar.gz HTTP/1.1" 200 25563323
2022-08-30 11:39:57,685 INFO     ___FILE_ONLY___ ═
2022-08-30 11:39:57,686 INFO     ___FILE_ONLY___ ═
2022-08-30 11:39:57,686 INFO     ___FILE_ONLY___ ═
2022-08-30 11:39:57,686 INFO     ___FILE_ONLY___ ═
2022-08-30 11:39:57,687 INFO     ___FILE_ONLY___ ═
2022-08-30 11:39:57,687 INFO     ___FILE_ONLY___ ═
2022-08-30 11:39:57,688 INFO     ___FILE_ONLY___ ═
2022-08-30 11:39:57,688 INFO     ___FILE_ONLY___ ═
2022-08-30 11:39:57,688 INFO     ___FILE_ONLY___ ═
2022-08-30 11:39:57,689 INFO     ___FILE_ONLY___ ═
2022-08-30 11:39:57,689 INFO     ___FILE_ONLY___ ═
2022-08-30 11:39:57,690 INFO     ___FILE_ONLY___ ═
2022-08-30 11:39:57,690 INFO     ___FILE_ONLY___ ═
2022-08-30 11:39:57,691 INFO     ___FILE_ONLY___ ═
2022-08-30 11:39:57,691 INFO     ___FILE_ONLY___ ═
2022-08-30 11:39:57,692 INFO     ___FILE_ONLY___ ═
2022-08-30 11:39:57,692 INFO     ___FILE_ONLY___ ═
2022-08-30 11:39:57,693 INFO     ___FILE_ONLY___ ═
2022-08-30 11:39:57,693 INFO     ___FILE_ONLY___ ═
2022-08-30 11:39:57,694 INFO     ___FILE_ONLY___ ═
2022-08-30 11:39:57,694 INFO     ___FILE_ONLY___ ═
2022-08-30 11:39:57,695 INFO     ___FILE_ONLY___ ═
2022-08-30 11:39:57,695 INFO     ___FILE_ONLY___ ═
2022-08-30 11:39:57,696 INFO     ___FILE_ONLY___ ═
2022-08-30 11:39:57,696 INFO     ___FILE_ONLY___ ═
2022-08-30 11:39:57,697 INFO     ___FILE_ONLY___ ═
2022-08-30 11:39:57,697 INFO     ___FILE_ONLY___ ═
2022-08-30 11:39:57,698 INFO     ___FILE_ONLY___ ═
2022-08-30 11:39:57,698 INFO     ___FILE_ONLY___ ═
2022-08-30 11:39:57,699 INFO     ___FILE_ONLY___ ═
2022-08-30 11:39:58,638 INFO     ___FILE_ONLY___ ═
2022-08-30 11:39:58,676 INFO     ___FILE_ONLY___ ═
2022-08-30 11:39:58,715 INFO     ___FILE_ONLY___ ═
2022-08-30 11:39:58,756 INFO     ___FILE_ONLY___ ═
2022-08-30 11:39:58,794 INFO     ___FILE_ONLY___ ═
2022-08-30 11:39:58,832 INFO     ___FILE_ONLY___ ═
2022-08-30 11:39:58,870 INFO     ___FILE_ONLY___ ═
2022-08-30 11:39:58,915 INFO     ___FILE_ONLY___ ═
2022-08-30 11:39:58,949 INFO     ___FILE_ONLY___ ═
2022-08-30 11:39:58,985 INFO     ___FILE_ONLY___ ═
2022-08-30 11:39:59,018 INFO     ___FILE_ONLY___ ═
2022-08-30 11:39:59,053 INFO     ___FILE_ONLY___ ═
2022-08-30 11:39:59,089 INFO     ___FILE_ONLY___ ═
2022-08-30 11:39:59,126 INFO     ___FILE_ONLY___ ═
2022-08-30 11:39:59,162 INFO     ___FILE_ONLY___ ═
2022-08-30 11:39:59,198 INFO     ___FILE_ONLY___ ═
2022-08-30 11:39:59,234 INFO     ___FILE_ONLY___ ═
2022-08-30 11:39:59,269 INFO     ___FILE_ONLY___ ═
2022-08-30 11:39:59,305 INFO     ___FILE_ONLY___ ═
2022-08-30 11:39:59,338 INFO     ___FILE_ONLY___ ═
2022-08-30 11:39:59,373 INFO     ___FILE_ONLY___ ═
2022-08-30 11:39:59,407 INFO     ___FILE_ONLY___ ═
2022-08-30 11:39:59,440 INFO     ___FILE_ONLY___ ═
2022-08-30 11:39:59,474 INFO     ___FILE_ONLY___ ═
2022-08-30 11:39:59,545 INFO     ___FILE_ONLY___ ═
2022-08-30 11:39:59,616 INFO     ___FILE_ONLY___ ═
2022-08-30 11:39:59,745 INFO     ___FILE_ONLY___ ═
2022-08-30 11:39:59,857 INFO     ___FILE_ONLY___ ═
2022-08-30 11:39:59,930 INFO     ___FILE_ONLY___ ═
2022-08-30 11:39:59,994 INFO     ___FILE_ONLY___ ═
2022-08-30 11:39:59,994 INFO     ___FILE_ONLY___ ╝
2022-08-30 11:40:00,037 INFO     ___FILE_ONLY___ ╠════════════════════════════════════════════════════════════╣

2022-08-30 11:40:00,037 INFO     ___FILE_ONLY___ ╠═ Installing: gcloud cli dependencies                      ═╣

2022-08-30 11:40:00,037 INFO     ___FILE_ONLY___ ╚
2022-08-30 11:40:00,039 DEBUG    urllib3.connectionpool Starting new HTTPS connection (1): dl.google.com:443
2022-08-30 11:40:00,460 DEBUG    urllib3.connectionpool https://dl.google.com:443 "GET /dl/cloudsdk/channels/rapid/components/google-cloud-sdk-gcloud-deps-20220819155753.tar.gz HTTP/1.1" 200 11787976
2022-08-30 11:40:18,012 INFO     ___FILE_ONLY___ ═
2022-08-30 11:40:18,012 INFO     ___FILE_ONLY___ ═
2022-08-30 11:40:18,012 INFO     ___FILE_ONLY___ ═
2022-08-30 11:40:18,013 INFO     ___FILE_ONLY___ ═
2022-08-30 11:40:18,013 INFO     ___FILE_ONLY___ ═
2022-08-30 11:40:18,013 INFO     ___FILE_ONLY___ ═
2022-08-30 11:40:18,013 INFO     ___FILE_ONLY___ ═
2022-08-30 11:40:18,013 INFO     ___FILE_ONLY___ ═
2022-08-30 11:40:18,014 INFO     ___FILE_ONLY___ ═
2022-08-30 11:40:18,014 INFO     ___FILE_ONLY___ ═
2022-08-30 11:40:18,014 INFO     ___FILE_ONLY___ ═
2022-08-30 11:40:18,014 INFO     ___FILE_ONLY___ ═
2022-08-30 11:40:18,015 INFO     ___FILE_ONLY___ ═
2022-08-30 11:40:18,015 INFO     ___FILE_ONLY___ ═
2022-08-30 11:40:18,015 INFO     ___FILE_ONLY___ ═
2022-08-30 11:40:18,015 INFO     ___FILE_ONLY___ ═
2022-08-30 11:40:18,015 INFO     ___FILE_ONLY___ ═
2022-08-30 11:40:18,016 INFO     ___FILE_ONLY___ ═
2022-08-30 11:40:18,016 INFO     ___FILE_ONLY___ ═
2022-08-30 11:40:18,016 INFO     ___FILE_ONLY___ ═
2022-08-30 11:40:18,016 INFO     ___FILE_ONLY___ ═
2022-08-30 11:40:18,017 INFO     ___FILE_ONLY___ ═
2022-08-30 11:40:18,017 INFO     ___FILE_ONLY___ ═
2022-08-30 11:40:18,017 INFO     ___FILE_ONLY___ ═
2022-08-30 11:40:18,018 INFO     ___FILE_ONLY___ ═
2022-08-30 11:40:18,018 INFO     ___FILE_ONLY___ ═
2022-08-30 11:40:18,018 INFO     ___FILE_ONLY___ ═
2022-08-30 11:40:18,019 INFO     ___FILE_ONLY___ ═
2022-08-30 11:40:18,019 INFO     ___FILE_ONLY___ ═
2022-08-30 11:40:18,019 INFO     ___FILE_ONLY___ ═
2022-08-30 11:40:18,374 INFO     ___FILE_ONLY___ ═
2022-08-30 11:40:18,407 INFO     ___FILE_ONLY___ ═
2022-08-30 11:40:18,453 INFO     ___FILE_ONLY___ ═
2022-08-30 11:40:18,486 INFO     ___FILE_ONLY___ ═
2022-08-30 11:40:18,519 INFO     ___FILE_ONLY___ ═
2022-08-30 11:40:18,556 INFO     ___FILE_ONLY___ ═
2022-08-30 11:40:18,575 INFO     ___FILE_ONLY___ ═
2022-08-30 11:40:18,591 INFO     ___FILE_ONLY___ ═
2022-08-30 11:40:18,607 INFO     ___FILE_ONLY___ ═
2022-08-30 11:40:18,627 INFO     ___FILE_ONLY___ ═
2022-08-30 11:40:18,650 INFO     ___FILE_ONLY___ ═
2022-08-30 11:40:18,665 INFO     ___FILE_ONLY___ ═
2022-08-30 11:40:18,680 INFO     ___FILE_ONLY___ ═
2022-08-30 11:40:18,694 INFO     ___FILE_ONLY___ ═
2022-08-30 11:40:18,709 INFO     ___FILE_ONLY___ ═
2022-08-30 11:40:18,728 INFO     ___FILE_ONLY___ ═
2022-08-30 11:40:18,745 INFO     ___FILE_ONLY___ ═
2022-08-30 11:40:18,765 INFO     ___FILE_ONLY___ ═
2022-08-30 11:40:18,788 INFO     ___FILE_ONLY___ ═
2022-08-30 11:40:18,807 INFO     ___FILE_ONLY___ ═
2022-08-30 11:40:18,825 INFO     ___FILE_ONLY___ ═
2022-08-30 11:40:18,841 INFO     ___FILE_ONLY___ ═
2022-08-30 11:40:18,855 INFO     ___FILE_ONLY___ ═
2022-08-30 11:40:18,868 INFO     ___FILE_ONLY___ ═
2022-08-30 11:40:18,882 INFO     ___FILE_ONLY___ ═
2022-08-30 11:40:18,894 INFO     ___FILE_ONLY___ ═
2022-08-30 11:40:18,911 INFO     ___FILE_ONLY___ ═
2022-08-30 11:40:18,930 INFO     ___FILE_ONLY___ ═
2022-08-30 11:40:18,947 INFO     ___FILE_ONLY___ ═
2022-08-30 11:40:18,965 INFO     ___FILE_ONLY___ ═
2022-08-30 11:40:18,965 INFO     ___FILE_ONLY___ ╝
2022-08-30 11:40:18,985 INFO     ___FILE_ONLY___ ╠════════════════════════════════════════════════════════════╣

2022-08-30 11:40:18,985 INFO     ___FILE_ONLY___ ╠═ Creating backup and activating new installation          ═╣

2022-08-30 11:40:18,985 INFO     ___FILE_ONLY___ ╚
2022-08-30 11:40:18,985 DEBUG    root            Attempting to move directory [/opt/homebrew/Caskroom/google-cloud-sdk/latest/google-cloud-sdk] to [/opt/homebrew/Caskroom/google-cloud-sdk/latest/google-cloud-sdk.staging/.install/.backup]
2022-08-30 11:40:18,985 INFO     ___FILE_ONLY___ ══════════════════════════════
2022-08-30 11:40:18,985 DEBUG    root            Attempting to move directory [/opt/homebrew/Caskroom/google-cloud-sdk/latest/google-cloud-sdk.staging] to [/opt/homebrew/Caskroom/google-cloud-sdk/latest/google-cloud-sdk]
2022-08-30 11:40:18,985 INFO     ___FILE_ONLY___ ══════════════════════════════
2022-08-30 11:40:18,985 INFO     ___FILE_ONLY___ ╝

2022-08-30 11:40:18,986 DEBUG    root            Updating notification cache...
2022-08-30 11:40:18,987 INFO     ___FILE_ONLY___ 

2022-08-30 11:40:18,987 INFO     ___FILE_ONLY___ Performing post processing steps...
2022-08-30 11:40:18,987 DEBUG    root            Executing command: ['/opt/homebrew/bin/python3', '-S', '/opt/homebrew/Caskroom/google-cloud-sdk/latest/google-cloud-sdk/lib/gcloud.py', 'components', 'post-process']
2022-08-30 11:40:29,368 DEBUG    ___FILE_ONLY___ 
2022-08-30 11:40:29,369 DEBUG    ___FILE_ONLY___ 
2022-08-30 11:40:29,408 INFO     ___FILE_ONLY___ 
Update done!


2022-08-30 11:40:29,408 INFO     ___FILE_ONLY___ To revert your CLI to the previously installed version, you may run:
  $ gcloud components update --version 398.0.0


2022-08-30 11:40:29,419 INFO     root            Display format: "none"
