2022-08-30 12:07:20,616 DEBUG    root            Loaded Command Group: ['gcloud', 'container', 'clusters']
2022-08-30 12:07:20,618 DEBUG    root            Loaded Command Group: ['gcloud', 'container', 'clusters', 'create']
2022-08-30 12:07:20,635 DEBUG    root            Running [gcloud.container.clusters.create] with arguments: [--cluster-secondary-range-name: "pods", --enable-ip-alias: "True", --network: "bmutziu-1667-cluster-net", --node-taints: "OrderedDict([('node.cilium.io/agent-not-ready', 'true:NoExecute')])", --region: "europe-north1-a", --services-secondary-range-name: "services", --subnetwork: "bmutziu-1667-node-subnet", NAME: "bmutziu-1667"]
2022-08-30 12:07:20,636 INFO     ___FILE_ONLY___ Default change: During creation of nodepools or autoscaling configuration changes for cluster versions greater than 1.24.1-gke.800 a default location policy is applied. For Spot and PVM it defaults to ANY, and for all other VM kinds a BALANCED policy is used. To change the default values use the `--location-policy` flag.

2022-08-30 12:07:20,637 INFO     ___FILE_ONLY___ Note: The Pod address range limits the maximum size of the cluster. Please refer to https://cloud.google.com/kubernetes-engine/docs/how-to/flexible-pod-cidr to learn how to optimize IP address allocation.

2022-08-30 12:07:20,643 DEBUG    urllib3.connectionpool Starting new HTTPS connection (1): container.googleapis.com:443
2022-08-30 12:07:25,188 DEBUG    urllib3.connectionpool https://container.googleapis.com:443 "POST /v1/projects/cilium-20220820000618/locations/europe-north1-a/clusters?alt=json HTTP/1.1" 200 None
2022-08-30 12:07:25,189 INFO     ___FILE_ONLY___ Creating cluster bmutziu-1667 in europe-north1-a...
2022-08-30 12:07:25,191 DEBUG    urllib3.connectionpool Starting new HTTPS connection (1): container.googleapis.com:443
2022-08-30 12:07:25,798 DEBUG    urllib3.connectionpool https://container.googleapis.com:443 "GET /v1/projects/cilium-20220820000618/locations/europe-north1-a/operations/operation-1661850444973-a82d4820?alt=json HTTP/1.1" 200 None
2022-08-30 12:07:30,811 DEBUG    urllib3.connectionpool Starting new HTTPS connection (1): container.googleapis.com:443
2022-08-30 12:07:31,317 DEBUG    urllib3.connectionpool https://container.googleapis.com:443 "GET /v1/projects/cilium-20220820000618/locations/europe-north1-a/operations/operation-1661850444973-a82d4820?alt=json HTTP/1.1" 200 None
2022-08-30 12:07:36,323 DEBUG    urllib3.connectionpool Starting new HTTPS connection (1): container.googleapis.com:443
2022-08-30 12:07:36,961 DEBUG    urllib3.connectionpool https://container.googleapis.com:443 "GET /v1/projects/cilium-20220820000618/locations/europe-north1-a/operations/operation-1661850444973-a82d4820?alt=json HTTP/1.1" 200 None
2022-08-30 12:07:41,969 DEBUG    urllib3.connectionpool Starting new HTTPS connection (1): container.googleapis.com:443
2022-08-30 12:07:42,488 DEBUG    urllib3.connectionpool https://container.googleapis.com:443 "GET /v1/projects/cilium-20220820000618/locations/europe-north1-a/operations/operation-1661850444973-a82d4820?alt=json HTTP/1.1" 200 None
2022-08-30 12:07:47,501 DEBUG    urllib3.connectionpool Starting new HTTPS connection (1): container.googleapis.com:443
2022-08-30 12:07:47,984 DEBUG    urllib3.connectionpool https://container.googleapis.com:443 "GET /v1/projects/cilium-20220820000618/locations/europe-north1-a/operations/operation-1661850444973-a82d4820?alt=json HTTP/1.1" 200 None
2022-08-30 12:07:52,990 DEBUG    urllib3.connectionpool Starting new HTTPS connection (1): container.googleapis.com:443
2022-08-30 12:07:53,650 DEBUG    urllib3.connectionpool https://container.googleapis.com:443 "GET /v1/projects/cilium-20220820000618/locations/europe-north1-a/operations/operation-1661850444973-a82d4820?alt=json HTTP/1.1" 200 None
2022-08-30 12:07:58,691 DEBUG    urllib3.connectionpool Starting new HTTPS connection (1): container.googleapis.com:443
2022-08-30 12:07:59,280 DEBUG    urllib3.connectionpool https://container.googleapis.com:443 "GET /v1/projects/cilium-20220820000618/locations/europe-north1-a/operations/operation-1661850444973-a82d4820?alt=json HTTP/1.1" 200 None
2022-08-30 12:08:04,287 DEBUG    urllib3.connectionpool Starting new HTTPS connection (1): container.googleapis.com:443
2022-08-30 12:08:04,916 DEBUG    urllib3.connectionpool https://container.googleapis.com:443 "GET /v1/projects/cilium-20220820000618/locations/europe-north1-a/operations/operation-1661850444973-a82d4820?alt=json HTTP/1.1" 200 None
2022-08-30 12:08:09,922 DEBUG    urllib3.connectionpool Starting new HTTPS connection (1): container.googleapis.com:443
2022-08-30 12:08:10,394 DEBUG    urllib3.connectionpool https://container.googleapis.com:443 "GET /v1/projects/cilium-20220820000618/locations/europe-north1-a/operations/operation-1661850444973-a82d4820?alt=json HTTP/1.1" 200 None
2022-08-30 12:08:15,402 DEBUG    urllib3.connectionpool Starting new HTTPS connection (1): container.googleapis.com:443
2022-08-30 12:08:15,927 DEBUG    urllib3.connectionpool https://container.googleapis.com:443 "GET /v1/projects/cilium-20220820000618/locations/europe-north1-a/operations/operation-1661850444973-a82d4820?alt=json HTTP/1.1" 200 None
2022-08-30 12:08:20,931 DEBUG    urllib3.connectionpool Starting new HTTPS connection (1): container.googleapis.com:443
2022-08-30 12:08:21,812 DEBUG    urllib3.connectionpool https://container.googleapis.com:443 "GET /v1/projects/cilium-20220820000618/locations/europe-north1-a/operations/operation-1661850444973-a82d4820?alt=json HTTP/1.1" 200 None
2022-08-30 12:08:26,819 DEBUG    urllib3.connectionpool Starting new HTTPS connection (1): container.googleapis.com:443
2022-08-30 12:08:27,278 DEBUG    urllib3.connectionpool https://container.googleapis.com:443 "GET /v1/projects/cilium-20220820000618/locations/europe-north1-a/operations/operation-1661850444973-a82d4820?alt=json HTTP/1.1" 200 None
2022-08-30 12:08:32,287 DEBUG    urllib3.connectionpool Starting new HTTPS connection (1): container.googleapis.com:443
2022-08-30 12:08:33,422 DEBUG    urllib3.connectionpool https://container.googleapis.com:443 "GET /v1/projects/cilium-20220820000618/locations/europe-north1-a/operations/operation-1661850444973-a82d4820?alt=json HTTP/1.1" 200 None
2022-08-30 12:08:38,430 DEBUG    urllib3.connectionpool Starting new HTTPS connection (1): container.googleapis.com:443
2022-08-30 12:08:38,938 DEBUG    urllib3.connectionpool https://container.googleapis.com:443 "GET /v1/projects/cilium-20220820000618/locations/europe-north1-a/operations/operation-1661850444973-a82d4820?alt=json HTTP/1.1" 200 None
2022-08-30 12:08:43,944 DEBUG    urllib3.connectionpool Starting new HTTPS connection (1): container.googleapis.com:443
2022-08-30 12:08:44,546 DEBUG    urllib3.connectionpool https://container.googleapis.com:443 "GET /v1/projects/cilium-20220820000618/locations/europe-north1-a/operations/operation-1661850444973-a82d4820?alt=json HTTP/1.1" 200 None
2022-08-30 12:08:49,551 DEBUG    urllib3.connectionpool Starting new HTTPS connection (1): container.googleapis.com:443
2022-08-30 12:08:50,016 DEBUG    urllib3.connectionpool https://container.googleapis.com:443 "GET /v1/projects/cilium-20220820000618/locations/europe-north1-a/operations/operation-1661850444973-a82d4820?alt=json HTTP/1.1" 200 None
2022-08-30 12:08:55,025 DEBUG    urllib3.connectionpool Starting new HTTPS connection (1): container.googleapis.com:443
2022-08-30 12:08:55,502 DEBUG    urllib3.connectionpool https://container.googleapis.com:443 "GET /v1/projects/cilium-20220820000618/locations/europe-north1-a/operations/operation-1661850444973-a82d4820?alt=json HTTP/1.1" 200 None
2022-08-30 12:09:00,512 DEBUG    urllib3.connectionpool Starting new HTTPS connection (1): container.googleapis.com:443
2022-08-30 12:09:01,113 DEBUG    urllib3.connectionpool https://container.googleapis.com:443 "GET /v1/projects/cilium-20220820000618/locations/europe-north1-a/operations/operation-1661850444973-a82d4820?alt=json HTTP/1.1" 200 None
2022-08-30 12:09:06,120 DEBUG    urllib3.connectionpool Starting new HTTPS connection (1): container.googleapis.com:443
2022-08-30 12:09:06,624 DEBUG    urllib3.connectionpool https://container.googleapis.com:443 "GET /v1/projects/cilium-20220820000618/locations/europe-north1-a/operations/operation-1661850444973-a82d4820?alt=json HTTP/1.1" 200 None
2022-08-30 12:09:11,628 DEBUG    urllib3.connectionpool Starting new HTTPS connection (1): container.googleapis.com:443
2022-08-30 12:09:12,231 DEBUG    urllib3.connectionpool https://container.googleapis.com:443 "GET /v1/projects/cilium-20220820000618/locations/europe-north1-a/operations/operation-1661850444973-a82d4820?alt=json HTTP/1.1" 200 None
2022-08-30 12:09:17,237 DEBUG    urllib3.connectionpool Starting new HTTPS connection (1): container.googleapis.com:443
2022-08-30 12:09:17,723 DEBUG    urllib3.connectionpool https://container.googleapis.com:443 "GET /v1/projects/cilium-20220820000618/locations/europe-north1-a/operations/operation-1661850444973-a82d4820?alt=json HTTP/1.1" 200 None
2022-08-30 12:09:22,730 DEBUG    urllib3.connectionpool Starting new HTTPS connection (1): container.googleapis.com:443
2022-08-30 12:09:23,565 DEBUG    urllib3.connectionpool https://container.googleapis.com:443 "GET /v1/projects/cilium-20220820000618/locations/europe-north1-a/operations/operation-1661850444973-a82d4820?alt=json HTTP/1.1" 200 None
2022-08-30 12:09:28,573 DEBUG    urllib3.connectionpool Starting new HTTPS connection (1): container.googleapis.com:443
2022-08-30 12:09:29,116 DEBUG    urllib3.connectionpool https://container.googleapis.com:443 "GET /v1/projects/cilium-20220820000618/locations/europe-north1-a/operations/operation-1661850444973-a82d4820?alt=json HTTP/1.1" 200 None
2022-08-30 12:09:34,122 DEBUG    urllib3.connectionpool Starting new HTTPS connection (1): container.googleapis.com:443
2022-08-30 12:09:34,724 DEBUG    urllib3.connectionpool https://container.googleapis.com:443 "GET /v1/projects/cilium-20220820000618/locations/europe-north1-a/operations/operation-1661850444973-a82d4820?alt=json HTTP/1.1" 200 None
2022-08-30 12:09:39,732 DEBUG    urllib3.connectionpool Starting new HTTPS connection (1): container.googleapis.com:443
2022-08-30 12:09:40,237 DEBUG    urllib3.connectionpool https://container.googleapis.com:443 "GET /v1/projects/cilium-20220820000618/locations/europe-north1-a/operations/operation-1661850444973-a82d4820?alt=json HTTP/1.1" 200 None
2022-08-30 12:09:45,243 DEBUG    urllib3.connectionpool Starting new HTTPS connection (1): container.googleapis.com:443
2022-08-30 12:09:46,088 DEBUG    urllib3.connectionpool https://container.googleapis.com:443 "GET /v1/projects/cilium-20220820000618/locations/europe-north1-a/operations/operation-1661850444973-a82d4820?alt=json HTTP/1.1" 200 None
2022-08-30 12:09:51,095 DEBUG    urllib3.connectionpool Starting new HTTPS connection (1): container.googleapis.com:443
2022-08-30 12:09:52,609 DEBUG    urllib3.connectionpool https://container.googleapis.com:443 "GET /v1/projects/cilium-20220820000618/locations/europe-north1-a/operations/operation-1661850444973-a82d4820?alt=json HTTP/1.1" 200 None
2022-08-30 12:09:57,617 DEBUG    urllib3.connectionpool Starting new HTTPS connection (1): container.googleapis.com:443
2022-08-30 12:09:58,059 DEBUG    urllib3.connectionpool https://container.googleapis.com:443 "GET /v1/projects/cilium-20220820000618/locations/europe-north1-a/operations/operation-1661850444973-a82d4820?alt=json HTTP/1.1" 200 None
2022-08-30 12:10:03,067 DEBUG    urllib3.connectionpool Starting new HTTPS connection (1): container.googleapis.com:443
2022-08-30 12:10:03,700 DEBUG    urllib3.connectionpool https://container.googleapis.com:443 "GET /v1/projects/cilium-20220820000618/locations/europe-north1-a/operations/operation-1661850444973-a82d4820?alt=json HTTP/1.1" 200 None
2022-08-30 12:10:08,705 DEBUG    urllib3.connectionpool Starting new HTTPS connection (1): container.googleapis.com:443
2022-08-30 12:10:09,249 DEBUG    urllib3.connectionpool https://container.googleapis.com:443 "GET /v1/projects/cilium-20220820000618/locations/europe-north1-a/operations/operation-1661850444973-a82d4820?alt=json HTTP/1.1" 200 None
2022-08-30 12:10:14,257 DEBUG    urllib3.connectionpool Starting new HTTPS connection (1): container.googleapis.com:443
2022-08-30 12:10:14,781 DEBUG    urllib3.connectionpool https://container.googleapis.com:443 "GET /v1/projects/cilium-20220820000618/locations/europe-north1-a/operations/operation-1661850444973-a82d4820?alt=json HTTP/1.1" 200 None
2022-08-30 12:10:19,859 DEBUG    urllib3.connectionpool Starting new HTTPS connection (1): container.googleapis.com:443
2022-08-30 12:10:20,330 DEBUG    urllib3.connectionpool https://container.googleapis.com:443 "GET /v1/projects/cilium-20220820000618/locations/europe-north1-a/operations/operation-1661850444973-a82d4820?alt=json HTTP/1.1" 200 None
2022-08-30 12:10:25,340 DEBUG    urllib3.connectionpool Starting new HTTPS connection (1): container.googleapis.com:443
2022-08-30 12:10:26,025 DEBUG    urllib3.connectionpool https://container.googleapis.com:443 "GET /v1/projects/cilium-20220820000618/locations/europe-north1-a/operations/operation-1661850444973-a82d4820?alt=json HTTP/1.1" 200 None
2022-08-30 12:10:31,034 DEBUG    urllib3.connectionpool Starting new HTTPS connection (1): container.googleapis.com:443
2022-08-30 12:10:31,553 DEBUG    urllib3.connectionpool https://container.googleapis.com:443 "GET /v1/projects/cilium-20220820000618/locations/europe-north1-a/operations/operation-1661850444973-a82d4820?alt=json HTTP/1.1" 200 None
2022-08-30 12:10:36,560 DEBUG    urllib3.connectionpool Starting new HTTPS connection (1): container.googleapis.com:443
2022-08-30 12:10:37,134 DEBUG    urllib3.connectionpool https://container.googleapis.com:443 "GET /v1/projects/cilium-20220820000618/locations/europe-north1-a/operations/operation-1661850444973-a82d4820?alt=json HTTP/1.1" 200 None
2022-08-30 12:10:42,138 DEBUG    urllib3.connectionpool Starting new HTTPS connection (1): container.googleapis.com:443
2022-08-30 12:10:42,717 DEBUG    urllib3.connectionpool https://container.googleapis.com:443 "GET /v1/projects/cilium-20220820000618/locations/europe-north1-a/operations/operation-1661850444973-a82d4820?alt=json HTTP/1.1" 200 None
2022-08-30 12:10:47,722 DEBUG    urllib3.connectionpool Starting new HTTPS connection (1): container.googleapis.com:443
2022-08-30 12:10:48,268 DEBUG    urllib3.connectionpool https://container.googleapis.com:443 "GET /v1/projects/cilium-20220820000618/locations/europe-north1-a/operations/operation-1661850444973-a82d4820?alt=json HTTP/1.1" 200 None
2022-08-30 12:10:53,274 DEBUG    urllib3.connectionpool Starting new HTTPS connection (1): container.googleapis.com:443
2022-08-30 12:10:53,981 DEBUG    urllib3.connectionpool https://container.googleapis.com:443 "GET /v1/projects/cilium-20220820000618/locations/europe-north1-a/operations/operation-1661850444973-a82d4820?alt=json HTTP/1.1" 200 None
2022-08-30 12:10:58,988 DEBUG    urllib3.connectionpool Starting new HTTPS connection (1): container.googleapis.com:443
2022-08-30 12:10:59,747 DEBUG    urllib3.connectionpool https://container.googleapis.com:443 "GET /v1/projects/cilium-20220820000618/locations/europe-north1-a/operations/operation-1661850444973-a82d4820?alt=json HTTP/1.1" 200 None
2022-08-30 12:11:04,755 DEBUG    urllib3.connectionpool Starting new HTTPS connection (1): container.googleapis.com:443
2022-08-30 12:11:05,154 DEBUG    urllib3.connectionpool https://container.googleapis.com:443 "GET /v1/projects/cilium-20220820000618/locations/europe-north1-a/operations/operation-1661850444973-a82d4820?alt=json HTTP/1.1" 200 None
2022-08-30 12:11:10,160 DEBUG    urllib3.connectionpool Starting new HTTPS connection (1): container.googleapis.com:443
2022-08-30 12:11:10,773 DEBUG    urllib3.connectionpool https://container.googleapis.com:443 "GET /v1/projects/cilium-20220820000618/locations/europe-north1-a/operations/operation-1661850444973-a82d4820?alt=json HTTP/1.1" 200 None
2022-08-30 12:11:15,781 DEBUG    urllib3.connectionpool Starting new HTTPS connection (1): container.googleapis.com:443
2022-08-30 12:11:16,358 DEBUG    urllib3.connectionpool https://container.googleapis.com:443 "GET /v1/projects/cilium-20220820000618/locations/europe-north1-a/operations/operation-1661850444973-a82d4820?alt=json HTTP/1.1" 200 None
2022-08-30 12:11:21,366 DEBUG    urllib3.connectionpool Starting new HTTPS connection (1): container.googleapis.com:443
2022-08-30 12:11:21,823 DEBUG    urllib3.connectionpool https://container.googleapis.com:443 "GET /v1/projects/cilium-20220820000618/locations/europe-north1-a/operations/operation-1661850444973-a82d4820?alt=json HTTP/1.1" 200 None
2022-08-30 12:11:26,827 DEBUG    urllib3.connectionpool Starting new HTTPS connection (1): container.googleapis.com:443
2022-08-30 12:11:27,569 DEBUG    urllib3.connectionpool https://container.googleapis.com:443 "GET /v1/projects/cilium-20220820000618/locations/europe-north1-a/operations/operation-1661850444973-a82d4820?alt=json HTTP/1.1" 200 None
2022-08-30 12:11:32,576 DEBUG    urllib3.connectionpool Starting new HTTPS connection (1): container.googleapis.com:443
2022-08-30 12:11:33,327 DEBUG    urllib3.connectionpool https://container.googleapis.com:443 "GET /v1/projects/cilium-20220820000618/locations/europe-north1-a/operations/operation-1661850444973-a82d4820?alt=json HTTP/1.1" 200 None
2022-08-30 12:11:38,333 DEBUG    urllib3.connectionpool Starting new HTTPS connection (1): container.googleapis.com:443
2022-08-30 12:11:38,914 DEBUG    urllib3.connectionpool https://container.googleapis.com:443 "GET /v1/projects/cilium-20220820000618/locations/europe-north1-a/operations/operation-1661850444973-a82d4820?alt=json HTTP/1.1" 200 None
2022-08-30 12:11:43,922 DEBUG    urllib3.connectionpool Starting new HTTPS connection (1): container.googleapis.com:443
2022-08-30 12:11:44,873 DEBUG    urllib3.connectionpool https://container.googleapis.com:443 "GET /v1/projects/cilium-20220820000618/locations/europe-north1-a/operations/operation-1661850444973-a82d4820?alt=json HTTP/1.1" 200 None
2022-08-30 12:11:49,879 DEBUG    urllib3.connectionpool Starting new HTTPS connection (1): container.googleapis.com:443
2022-08-30 12:11:50,365 DEBUG    urllib3.connectionpool https://container.googleapis.com:443 "GET /v1/projects/cilium-20220820000618/locations/europe-north1-a/operations/operation-1661850444973-a82d4820?alt=json HTTP/1.1" 200 None
2022-08-30 12:11:55,372 DEBUG    urllib3.connectionpool Starting new HTTPS connection (1): container.googleapis.com:443
2022-08-30 12:11:56,250 DEBUG    urllib3.connectionpool https://container.googleapis.com:443 "GET /v1/projects/cilium-20220820000618/locations/europe-north1-a/operations/operation-1661850444973-a82d4820?alt=json HTTP/1.1" 200 None
2022-08-30 12:12:01,257 DEBUG    urllib3.connectionpool Starting new HTTPS connection (1): container.googleapis.com:443
2022-08-30 12:12:01,740 DEBUG    urllib3.connectionpool https://container.googleapis.com:443 "GET /v1/projects/cilium-20220820000618/locations/europe-north1-a/operations/operation-1661850444973-a82d4820?alt=json HTTP/1.1" 200 None
2022-08-30 12:12:06,748 DEBUG    urllib3.connectionpool Starting new HTTPS connection (1): container.googleapis.com:443
2022-08-30 12:12:07,711 DEBUG    urllib3.connectionpool https://container.googleapis.com:443 "GET /v1/projects/cilium-20220820000618/locations/europe-north1-a/operations/operation-1661850444973-a82d4820?alt=json HTTP/1.1" 200 None
2022-08-30 12:12:12,717 DEBUG    urllib3.connectionpool Starting new HTTPS connection (1): container.googleapis.com:443
2022-08-30 12:12:13,349 DEBUG    urllib3.connectionpool https://container.googleapis.com:443 "GET /v1/projects/cilium-20220820000618/locations/europe-north1-a/operations/operation-1661850444973-a82d4820?alt=json HTTP/1.1" 200 None
2022-08-30 12:12:13,350 INFO     root            Operation <Operation
 clusterConditions: []
 endTime: '2022-08-30T09:12:07.382557805Z'
 name: 'operation-1661850444973-a82d4820'
 nodepoolConditions: []
 operationType: OperationTypeValueValuesEnum(CREATE_CLUSTER, 1)
 progress: <OperationProgress
 metrics: [<Metric
 intValue: 4
 name: 'CLUSTER_CONFIGURING'>, <Metric
 intValue: 4
 name: 'CLUSTER_CONFIGURING_TOTAL'>, <Metric
 intValue: 7
 name: 'CLUSTER_DEPLOYING'>, <Metric
 intValue: 7
 name: 'CLUSTER_DEPLOYING_TOTAL'>, <Metric
 intValue: 1
 name: 'CLUSTER_HEALTHCHECKING'>, <Metric
 intValue: 2
 name: 'CLUSTER_HEALTHCHECKING_TOTAL'>]
 stages: []>
 selfLink: 'https://container.googleapis.com/v1/projects/266622789771/zones/europe-north1-a/operations/operation-1661850444973-a82d4820'
 startTime: '2022-08-30T09:07:24.973767276Z'
 status: StatusValueValuesEnum(DONE, 3)
 targetLink: 'https://container.googleapis.com/v1/projects/266622789771/zones/europe-north1-a/clusters/bmutziu-1667'
 zone: 'europe-north1-a'> succeeded after 288.161 seconds
2022-08-30 12:12:13,523 DEBUG    urllib3.connectionpool Starting new HTTPS connection (1): container.googleapis.com:443
2022-08-30 12:12:14,059 DEBUG    urllib3.connectionpool https://container.googleapis.com:443 "GET /v1/projects/cilium-20220820000618/locations/europe-north1-a/clusters/bmutziu-1667?alt=json HTTP/1.1" 200 None
2022-08-30 12:12:14,061 INFO     ___FILE_ONLY___ Created [https://container.googleapis.com/v1/projects/cilium-20220820000618/zones/europe-north1-a/clusters/bmutziu-1667].

2022-08-30 12:12:14,061 INFO     ___FILE_ONLY___ To inspect the contents of your cluster, go to: https://console.cloud.google.com/kubernetes/workload_/gcloud/europe-north1-a/bmutziu-1667?project=cilium-20220820000618

2022-08-30 12:12:14,542 DEBUG    root            Saved kubeconfig to /Users/bmutziu/.kube/config
2022-08-30 12:12:14,542 INFO     ___FILE_ONLY___ kubeconfig entry generated for bmutziu-1667.

2022-08-30 12:12:14,543 INFO     root            Display format: "
    table(
        name,
        zone:label=LOCATION,
        master_version():label=MASTER_VERSION,
        endpoint:label=MASTER_IP,
        nodePools[0].config.machineType,
        currentNodeVersion:label=NODE_VERSION,
        firstof(currentNodeCount,initialNodeCount):label=NUM_NODES,
        status
    )
"
2022-08-30 12:12:14,544 INFO     ___FILE_ONLY___ NAME
2022-08-30 12:12:14,544 INFO     ___FILE_ONLY___           
2022-08-30 12:12:14,544 INFO     ___FILE_ONLY___ LOCATION
2022-08-30 12:12:14,544 INFO     ___FILE_ONLY___          
2022-08-30 12:12:14,544 INFO     ___FILE_ONLY___ MASTER_VERSION
2022-08-30 12:12:14,545 INFO     ___FILE_ONLY___    
2022-08-30 12:12:14,545 INFO     ___FILE_ONLY___ MASTER_IP
2022-08-30 12:12:14,545 INFO     ___FILE_ONLY___       
2022-08-30 12:12:14,545 INFO     ___FILE_ONLY___ MACHINE_TYPE
2022-08-30 12:12:14,545 INFO     ___FILE_ONLY___   
2022-08-30 12:12:14,545 INFO     ___FILE_ONLY___ NODE_VERSION
2022-08-30 12:12:14,545 INFO     ___FILE_ONLY___      
2022-08-30 12:12:14,545 INFO     ___FILE_ONLY___ NUM_NODES
2022-08-30 12:12:14,545 INFO     ___FILE_ONLY___   
2022-08-30 12:12:14,545 INFO     ___FILE_ONLY___ STATUS
2022-08-30 12:12:14,545 INFO     ___FILE_ONLY___ 

2022-08-30 12:12:14,545 INFO     ___FILE_ONLY___ bmutziu-1667
2022-08-30 12:12:14,545 INFO     ___FILE_ONLY___   
2022-08-30 12:12:14,545 INFO     ___FILE_ONLY___ europe-north1-a
2022-08-30 12:12:14,545 INFO     ___FILE_ONLY___   
2022-08-30 12:12:14,545 INFO     ___FILE_ONLY___ 1.22.11-gke.400
2022-08-30 12:12:14,545 INFO     ___FILE_ONLY___   
2022-08-30 12:12:14,545 INFO     ___FILE_ONLY___ 35.228.140.70
2022-08-30 12:12:14,545 INFO     ___FILE_ONLY___   
2022-08-30 12:12:14,545 INFO     ___FILE_ONLY___ e2-medium
2022-08-30 12:12:14,545 INFO     ___FILE_ONLY___      
2022-08-30 12:12:14,545 INFO     ___FILE_ONLY___ 1.22.11-gke.400
2022-08-30 12:12:14,545 INFO     ___FILE_ONLY___   
2022-08-30 12:12:14,545 INFO     ___FILE_ONLY___ 3
2022-08-30 12:12:14,545 INFO     ___FILE_ONLY___           
2022-08-30 12:12:14,545 INFO     ___FILE_ONLY___ RUNNING
2022-08-30 12:12:14,545 INFO     ___FILE_ONLY___ 

