2022-08-30 12:50:09,209 DEBUG    root            Loaded Command Group: ['gcloud', 'compute']
2022-08-30 12:50:09,219 DEBUG    root            Loaded Command Group: ['gcloud', 'compute', 'ssh']
2022-08-30 12:50:09,221 DEBUG    root            Running [gcloud.compute.ssh] with arguments: [--project: "cilium-20220820000618", --zone: "europe-central2-a", [USER@]INSTANCE: "gke-bmutziu-11988-default-pool-8aa4c42d-cc3z"]
2022-08-30 12:50:09,372 DEBUG    urllib3.connectionpool Starting new HTTPS connection (1): compute.googleapis.com:443
2022-08-30 12:50:10,009 DEBUG    urllib3.connectionpool https://compute.googleapis.com:443 "POST /batch/compute/v1 HTTP/1.1" 200 None
2022-08-30 12:50:10,132 DEBUG    urllib3.connectionpool Starting new HTTPS connection (1): compute.googleapis.com:443
2022-08-30 12:50:10,708 DEBUG    urllib3.connectionpool https://compute.googleapis.com:443 "POST /batch/compute/v1 HTTP/1.1" 200 None
2022-08-30 12:50:10,711 DEBUG    root            OS Login Enabled: False
Security Keys Enabled: False
Username: bmutziu
SSH Security Key Support: None
Environment: None
Security Keys:


2022-08-30 12:50:10,711 DEBUG    root            Current SSH keys in project: ['bmutziu:ssh-rsa AAAAB3NzaC1yc2EAAAADAQABAAABgQDQvS+wSlIUN8URNmHnmwn2XizyakP2gHHJAwaoD/6srqRKxkQpUr32WbULxLuGrAOs/ShyX6hK5d4R6fNFPatjXJVElC2s1oFZJDboiUekJim+qt+igaxz2xK621W2uk1WFj+zz/8by7n+EEx3cn+zlUEQEhlvI9Yhg8thV9qWP1jQQ8dtNyo6cdfKo6TK61/BDKaBNaF1cOt+bX6Gql5Gw5VwQ1LiN7TMVzFuJgPDjZsW5+R7LOhMraIrOAITwT03qgeKXo40eJuRPG+QmGExQcNep0Oxq/J+S//LKs+yoKRY+IOdY3CNUyUX+Ahi/UAW8M3NtE4eIgJOBxE3PiCCg5GP4FRoj+bk7MrhJ+ksHpMeQ4Bol/cWEpMWsiHn4eS83MrQKFCUIPTMA7yb/lex96uf81yg3sKgqfTrggkPE3T+Bu6Pukm39PvGa5MxBGDcX4WDMIa4A7KkHQnoNZ1Dv+qvlt3vGeZ6TjHRobd86D2nnB8aZEPawhOfvbY4B3U= bmutziu@MBP-Bogdan']
2022-08-30 12:50:10,711 DEBUG    root            Running command [/usr/bin/ssh -t -i /Users/bmutziu/.ssh/google_compute_engine -o CheckHostIP=no -o HashKnownHosts=no -o HostKeyAlias=compute.826902128170657097 -o IdentitiesOnly=yes -o StrictHostKeyChecking=no -o UserKnownHostsFile=/Users/bmutziu/.ssh/google_compute_known_hosts bmutziu@34.116.128.21].
2022-08-30 12:50:10,711 DEBUG    root            Executing command: ['/usr/bin/ssh', '-t', '-i', '/Users/bmutziu/.ssh/google_compute_engine', '-o', 'CheckHostIP=no', '-o', 'HashKnownHosts=no', '-o', 'HostKeyAlias=compute.826902128170657097', '-o', 'IdentitiesOnly=yes', '-o', 'StrictHostKeyChecking=no', '-o', 'UserKnownHostsFile=/Users/bmutziu/.ssh/google_compute_known_hosts', 'bmutziu@34.116.128.21']
2022-08-30 12:51:25,720 INFO     ___FILE_ONLY___ 
Recommendation: To check for possible causes of SSH connectivity issues and get
recommendations, rerun the ssh command with the --troubleshoot option.

gcloud compute ssh gke-bmutziu-11988-default-pool-8aa4c42d-cc3z --project=cilium-20220820000618 --zone=europe-central2-a --troubleshoot

Or, to investigate an IAP tunneling issue:

gcloud compute ssh gke-bmutziu-11988-default-pool-8aa4c42d-cc3z --project=cilium-20220820000618 --zone=europe-central2-a --troubleshoot --tunnel-through-iap


2022-08-30 12:51:25,721 DEBUG    root            (gcloud.compute.ssh) [/usr/bin/ssh] exited with return code [255].
Traceback (most recent call last):
  File "/opt/homebrew/Caskroom/google-cloud-sdk/latest/google-cloud-sdk/lib/googlecloudsdk/calliope/cli.py", line 987, in Execute
    resources = calliope_command.Run(cli=self, args=args)
  File "/opt/homebrew/Caskroom/google-cloud-sdk/latest/google-cloud-sdk/lib/googlecloudsdk/calliope/backend.py", line 809, in Run
    resources = command_instance.Run(args)
  File "/opt/homebrew/Caskroom/google-cloud-sdk/latest/google-cloud-sdk/lib/surface/compute/ssh.py", line 431, in Run
    raise e
  File "/opt/homebrew/Caskroom/google-cloud-sdk/latest/google-cloud-sdk/lib/surface/compute/ssh.py", line 424, in Run
    return_code = cmd.Run(
  File "/opt/homebrew/Caskroom/google-cloud-sdk/latest/google-cloud-sdk/lib/googlecloudsdk/command_lib/util/ssh/ssh.py", line 1541, in Run
    raise CommandError(args[0], return_code=status)
googlecloudsdk.command_lib.util.ssh.ssh.CommandError: [/usr/bin/ssh] exited with return code [255].
2022-08-30 12:51:25,721 ERROR    root            (gcloud.compute.ssh) [/usr/bin/ssh] exited with return code [255].
