2022-08-20 00:05:24,610 DEBUG    root            Loaded Command Group: ['gcloud', 'auth']
2022-08-20 00:05:24,667 DEBUG    root            Loaded Command Group: ['gcloud', 'auth', 'login']
2022-08-20 00:05:24,668 DEBUG    root            Running [gcloud.auth.login] with arguments: []
2022-08-20 00:05:24,672 DEBUG    requests_oauthlib.oauth2_session Generated new state S5eNyluDyFXnXLXSvmpNKeqDAJCMBp.
2022-08-20 00:05:24,847 INFO     ___FILE_ONLY___ Your browser has been opened to visit:

    https://accounts.google.com/o/oauth2/auth?response_type=code&client_id=32555940559.apps.googleusercontent.com&redirect_uri=http%3A%2F%2Flocalhost%3A8085%2F&scope=openid+https%3A%2F%2Fwww.googleapis.com%2Fauth%2Fuserinfo.email+https%3A%2F%2Fwww.googleapis.com%2Fauth%2Fcloud-platform+https%3A%2F%2Fwww.googleapis.com%2Fauth%2Fappengine.admin+https%3A%2F%2Fwww.googleapis.com%2Fauth%2Fsqlservice.login+https%3A%2F%2Fwww.googleapis.com%2Fauth%2Fcompute+https%3A%2F%2Fwww.googleapis.com%2Fauth%2Faccounts.reauth&state=S5eNyluDyFXnXLXSvmpNKeqDAJCMBp&access_type=offline&code_challenge=ERAD-slppo9AH2dRyQ2wuKVdYel7H3q2d-6TRs3nko0&code_challenge_method=S256


2022-08-20 00:05:35,258 INFO     google_auth_oauthlib.flow "GET /?state=S5eNyluDyFXnXLXSvmpNKeqDAJCMBp&code=4/0AdQt8qj0w688p_zc1q7X9gVUhltaZ8fnHgaZQk3rSRhDRqrFzEKsz1Nnu1jxWUxiDfuDaA&scope=email%20openid%20https://www.googleapis.com/auth/userinfo.email%20https://www.googleapis.com/auth/cloud-platform%20https://www.googleapis.com/auth/appengine.admin%20https://www.googleapis.com/auth/sqlservice.login%20https://www.googleapis.com/auth/compute%20https://www.googleapis.com/auth/accounts.reauth&authuser=0&prompt=consent HTTP/1.1" 200 959
2022-08-20 00:05:35,273 DEBUG    requests_oauthlib.oauth2_session Requesting url https://oauth2.googleapis.com/token using method POST.
2022-08-20 00:05:35,273 DEBUG    requests_oauthlib.oauth2_session Supplying headers {b'Accept': b'application/json', b'Content-Type': b'application/x-www-form-urlencoded;charset=UTF-8', b'user-agent': b'google-cloud-sdk gcloud/391.0.0 command/gcloud.auth.login invocation-id/52e3eed07d794dd8adce523d5b74ae8a environment/None environment-version/None interactive/True from-script/False python/3.10.6 term/xterm-kitty (Macintosh; Intel Mac OS X 21.6.0)'} and data {'grant_type': 'authorization_code', 'client_id': '32555940559.apps.googleusercontent.com', 'client_secret': 'ZmssLNjJy2998hD4CTg2ejr2', 'code': '4/0AdQt8qj0w688p_zc1q7X9gVUhltaZ8fnHgaZQk3rSRhDRqrFzEKsz1Nnu1jxWUxiDfuDaA', 'redirect_uri': 'http://localhost:8085/', 'code_verifier': 'LsEFkIRfBtzF_hUMMTW1mPbfkRjCrSLFO2xjksf4_c4PnGjiOFKIE8ZQxxUOoAPZ-AuOk~AddndMxXgy89eFtR1JJQHj.SzaMMw0bc9v6fNGPbJ2hV~XtxnUmnlNz8UG'}
2022-08-20 00:05:35,273 DEBUG    requests_oauthlib.oauth2_session Passing through key word arguments {'json': None, 'timeout': None, 'auth': None, 'verify': None, 'proxies': None}.
2022-08-20 00:05:35,332 DEBUG    urllib3.connectionpool Starting new HTTPS connection (1): oauth2.googleapis.com:443
2022-08-20 00:05:35,618 DEBUG    urllib3.connectionpool https://oauth2.googleapis.com:443 "POST /token HTTP/1.1" 200 None
2022-08-20 00:05:35,622 DEBUG    requests_oauthlib.oauth2_session Prepared fetch token request body grant_type=authorization_code&client_id=32555940559.apps.googleusercontent.com&client_secret=ZmssLNjJy2998hD4CTg2ejr2&code=4%2F0AdQt8qj0w688p_zc1q7X9gVUhltaZ8fnHgaZQk3rSRhDRqrFzEKsz1Nnu1jxWUxiDfuDaA&redirect_uri=http%3A%2F%2Flocalhost%3A8085%2F&code_verifier=LsEFkIRfBtzF_hUMMTW1mPbfkRjCrSLFO2xjksf4_c4PnGjiOFKIE8ZQxxUOoAPZ-AuOk~AddndMxXgy89eFtR1JJQHj.SzaMMw0bc9v6fNGPbJ2hV~XtxnUmnlNz8UG
2022-08-20 00:05:35,623 DEBUG    requests_oauthlib.oauth2_session Request to fetch token completed with status 200.
2022-08-20 00:05:35,624 DEBUG    requests_oauthlib.oauth2_session Request headers were {'user-agent': b'google-cloud-sdk gcloud/391.0.0 command/gcloud.auth.login invocation-id/52e3eed07d794dd8adce523d5b74ae8a environment/None environment-version/None interactive/True from-script/False python/3.10.6 term/xterm-kitty (Macintosh; Intel Mac OS X 21.6.0)', 'Accept-Encoding': 'gzip, deflate', 'Accept': b'application/json', 'Connection': 'keep-alive', 'Content-Type': b'application/x-www-form-urlencoded;charset=UTF-8', 'Content-Length': '387'}
2022-08-20 00:05:35,624 DEBUG    requests_oauthlib.oauth2_session Request body was grant_type=authorization_code&client_id=32555940559.apps.googleusercontent.com&client_secret=ZmssLNjJy2998hD4CTg2ejr2&code=4%2F0AdQt8qj0w688p_zc1q7X9gVUhltaZ8fnHgaZQk3rSRhDRqrFzEKsz1Nnu1jxWUxiDfuDaA&redirect_uri=http%3A%2F%2Flocalhost%3A8085%2F&code_verifier=LsEFkIRfBtzF_hUMMTW1mPbfkRjCrSLFO2xjksf4_c4PnGjiOFKIE8ZQxxUOoAPZ-AuOk~AddndMxXgy89eFtR1JJQHj.SzaMMw0bc9v6fNGPbJ2hV~XtxnUmnlNz8UG
2022-08-20 00:05:35,624 DEBUG    requests_oauthlib.oauth2_session Response headers were {'Pragma': 'no-cache', 'Date': 'Fri, 19 Aug 2022 21:05:35 GMT', 'Cache-Control': 'no-cache, no-store, max-age=0, must-revalidate', 'Expires': 'Mon, 01 Jan 1990 00:00:00 GMT', 'Content-Type': 'application/json; charset=utf-8', 'Vary': 'Origin, X-Origin, Referer', 'Content-Encoding': 'gzip', 'Server': 'scaffolding on HTTPServer2', 'X-XSS-Protection': '0', 'X-Frame-Options': 'SAMEORIGIN', 'X-Content-Type-Options': 'nosniff', 'Alt-Svc': 'h3=":443"; ma=2592000,h3-29=":443"; ma=2592000,h3-Q050=":443"; ma=2592000,h3-Q046=":443"; ma=2592000,h3-Q043=":443"; ma=2592000,quic=":443"; ma=2592000; v="46,43"', 'Transfer-Encoding': 'chunked'} and content {
  "access_token": "ya29.A0AVA9y1vIAGnr8gAEcx99h1OlwVhCI75e_RHuyx-_KXxASsJ10KNIJYDm2E4PRxV3QJxCQofmH2yD3TRT7L7N2fWQT7yA67L5bQ1-yzDVeD499xhZpckr7qeYH0BriN7s6fjYBz3k3nMnIts7mQFcrAGicApThcNLS4alaCgYKATASATASFQE65dr8zreEDMhOpORfXbN0DLt0lw0171",
  "expires_in": 3599,
  "refresh_token": "1//094KcHOsStP7OCgYIARAAGAkSNwF-L9Irjs9o5s245yfOaSNsj85_nCkMM1filOcrlL4GsOCM1YVFznm72390RBWwgABc_LEDtk4",
  "scope": "https://www.googleapis.com/auth/appengine.admin https://www.googleapis.com/auth/sqlservice.login https://www.googleapis.com/auth/userinfo.email https://www.googleapis.com/auth/compute https://www.googleapis.com/auth/cloud-platform https://www.googleapis.com/auth/accounts.reauth openid",
  "token_type": "Bearer",
  "id_token": "eyJhbGciOiJSUzI1NiIsImtpZCI6IjE3MjdiNmI0OTQwMmI5Y2Y5NWJlNGU4ZmQzOGFhN2U3YzExNjQ0YjEiLCJ0eXAiOiJKV1QifQ.eyJpc3MiOiJodHRwczovL2FjY291bnRzLmdvb2dsZS5jb20iLCJhenAiOiIzMjU1NTk0MDU1OS5hcHBzLmdvb2dsZXVzZXJjb250ZW50LmNvbSIsImF1ZCI6IjMyNTU1OTQwNTU5LmFwcHMuZ29vZ2xldXNlcmNvbnRlbnQuY29tIiwic3ViIjoiMTAwODI0ODY0NDMxNzM0OTUyNjI1IiwiZW1haWwiOiJibXV0eml1QGdtYWlsLmNvbSIsImVtYWlsX3ZlcmlmaWVkIjp0cnVlLCJhdF9oYXNoIjoiWG82b1pGTjRBUUF5dm83bnR0TC1rdyIsImlhdCI6MTY2MDk0MzEzNSwiZXhwIjoxNjYwOTQ2NzM1fQ.i84U2KRAyuUKQ0TqqIXXOPtR7b-T4EneHXRR4UTeMS8ytWARqmN2-_LmyIxS4d-JdQB6KWhXlIeOK3vTk3sAgE3FWDv_dZPr8xb9ImLpjuyIHg744NstBtuQQ0YdFJujqS8BO3irMTuRZKS0t9lRI1pqtQTesX-rtgCxvyddk3ecNVbZXPHBsuaUyPh5WKEzprJzva0gUds3ukAN0rbWFtZhapCz4mfBLv7YO2_STCnX-ScOUamZVJGTGaT14ZP_jlWFmJ_JsDRW8Q-_JwYDA8e-fI2F9SGAXYJE0ivj6YnnUAaF3devOOyO4ztgeDEyR56AYUn2tZF0enKmQJKBNg"
}.
2022-08-20 00:05:35,624 DEBUG    requests_oauthlib.oauth2_session Invoking 0 token response hooks.
2022-08-20 00:05:35,625 DEBUG    requests_oauthlib.oauth2_session Obtained token {'access_token': 'ya29.A0AVA9y1vIAGnr8gAEcx99h1OlwVhCI75e_RHuyx-_KXxASsJ10KNIJYDm2E4PRxV3QJxCQofmH2yD3TRT7L7N2fWQT7yA67L5bQ1-yzDVeD499xhZpckr7qeYH0BriN7s6fjYBz3k3nMnIts7mQFcrAGicApThcNLS4alaCgYKATASATASFQE65dr8zreEDMhOpORfXbN0DLt0lw0171', 'expires_in': 3599, 'refresh_token': '1//094KcHOsStP7OCgYIARAAGAkSNwF-L9Irjs9o5s245yfOaSNsj85_nCkMM1filOcrlL4GsOCM1YVFznm72390RBWwgABc_LEDtk4', 'scope': ['https://www.googleapis.com/auth/appengine.admin', 'https://www.googleapis.com/auth/sqlservice.login', 'https://www.googleapis.com/auth/userinfo.email', 'https://www.googleapis.com/auth/compute', 'https://www.googleapis.com/auth/cloud-platform', 'https://www.googleapis.com/auth/accounts.reauth', 'openid'], 'token_type': 'Bearer', 'id_token': 'eyJhbGciOiJSUzI1NiIsImtpZCI6IjE3MjdiNmI0OTQwMmI5Y2Y5NWJlNGU4ZmQzOGFhN2U3YzExNjQ0YjEiLCJ0eXAiOiJKV1QifQ.eyJpc3MiOiJodHRwczovL2FjY291bnRzLmdvb2dsZS5jb20iLCJhenAiOiIzMjU1NTk0MDU1OS5hcHBzLmdvb2dsZXVzZXJjb250ZW50LmNvbSIsImF1ZCI6IjMyNTU1OTQwNTU5LmFwcHMuZ29vZ2xldXNlcmNvbnRlbnQuY29tIiwic3ViIjoiMTAwODI0ODY0NDMxNzM0OTUyNjI1IiwiZW1haWwiOiJibXV0eml1QGdtYWlsLmNvbSIsImVtYWlsX3ZlcmlmaWVkIjp0cnVlLCJhdF9oYXNoIjoiWG82b1pGTjRBUUF5dm83bnR0TC1rdyIsImlhdCI6MTY2MDk0MzEzNSwiZXhwIjoxNjYwOTQ2NzM1fQ.i84U2KRAyuUKQ0TqqIXXOPtR7b-T4EneHXRR4UTeMS8ytWARqmN2-_LmyIxS4d-JdQB6KWhXlIeOK3vTk3sAgE3FWDv_dZPr8xb9ImLpjuyIHg744NstBtuQQ0YdFJujqS8BO3irMTuRZKS0t9lRI1pqtQTesX-rtgCxvyddk3ecNVbZXPHBsuaUyPh5WKEzprJzva0gUds3ukAN0rbWFtZhapCz4mfBLv7YO2_STCnX-ScOUamZVJGTGaT14ZP_jlWFmJ_JsDRW8Q-_JwYDA8e-fI2F9SGAXYJE0ivj6YnnUAaF3devOOyO4ztgeDEyR56AYUn2tZF0enKmQJKBNg', 'expires_at': 1660946734.625084}.
2022-08-20 00:05:35,642 INFO     ___FILE_ONLY___ 
You are now logged in as [bmutziu@gmail.com].
Your current project is [None].  You can change this setting by running:
  $ gcloud config set project PROJECT_ID

2022-08-20 00:05:35,643 INFO     root            Display format: "none"
