2022-08-20 00:12:37,407 DEBUG    root            Loaded Command Group: ['gcloud', 'services']
2022-08-20 00:12:37,408 DEBUG    root            Loaded Command Group: ['gcloud', 'services', 'enable']
2022-08-20 00:12:37,409 DEBUG    root            Running [gcloud.services.enable] with arguments: [--project: "cilium-20220820000618", SERVICE:3: "['compute.googleapis.com', 'container.googleapis.com', 'servicenetworking.googleapis.com']"]
2022-08-20 00:12:37,418 DEBUG    urllib3.connectionpool Starting new HTTPS connection (1): serviceusage.googleapis.com:443
2022-08-20 00:12:39,723 DEBUG    urllib3.connectionpool https://serviceusage.googleapis.com:443 "POST /v1/projects/cilium-20220820000618/services:batchEnable?alt=json HTTP/1.1" 200 None
2022-08-20 00:12:39,729 DEBUG    urllib3.connectionpool Starting new HTTPS connection (1): serviceusage.googleapis.com:443
2022-08-20 00:12:40,923 DEBUG    urllib3.connectionpool https://serviceusage.googleapis.com:443 "GET /v1/operations/acf.p2-266622789771-e9ef093d-68ba-4f58-b1a5-6ee0cc06ee83?alt=json HTTP/1.1" 200 None
2022-08-20 00:12:43,678 DEBUG    urllib3.connectionpool Starting new HTTPS connection (1): serviceusage.googleapis.com:443
2022-08-20 00:12:44,709 DEBUG    urllib3.connectionpool https://serviceusage.googleapis.com:443 "GET /v1/operations/acf.p2-266622789771-e9ef093d-68ba-4f58-b1a5-6ee0cc06ee83?alt=json HTTP/1.1" 200 None
2022-08-20 00:12:47,195 DEBUG    urllib3.connectionpool Starting new HTTPS connection (1): serviceusage.googleapis.com:443
2022-08-20 00:12:48,258 DEBUG    urllib3.connectionpool https://serviceusage.googleapis.com:443 "GET /v1/operations/acf.p2-266622789771-e9ef093d-68ba-4f58-b1a5-6ee0cc06ee83?alt=json HTTP/1.1" 200 None
2022-08-20 00:12:50,998 DEBUG    urllib3.connectionpool Starting new HTTPS connection (1): serviceusage.googleapis.com:443
2022-08-20 00:12:52,216 DEBUG    urllib3.connectionpool https://serviceusage.googleapis.com:443 "GET /v1/operations/acf.p2-266622789771-e9ef093d-68ba-4f58-b1a5-6ee0cc06ee83?alt=json HTTP/1.1" 200 None
2022-08-20 00:12:55,327 DEBUG    urllib3.connectionpool Starting new HTTPS connection (1): serviceusage.googleapis.com:443
2022-08-20 00:12:56,411 DEBUG    urllib3.connectionpool https://serviceusage.googleapis.com:443 "GET /v1/operations/acf.p2-266622789771-e9ef093d-68ba-4f58-b1a5-6ee0cc06ee83?alt=json HTTP/1.1" 200 None
2022-08-20 00:12:59,997 DEBUG    urllib3.connectionpool Starting new HTTPS connection (1): serviceusage.googleapis.com:443
2022-08-20 00:13:01,123 DEBUG    urllib3.connectionpool https://serviceusage.googleapis.com:443 "GET /v1/operations/acf.p2-266622789771-e9ef093d-68ba-4f58-b1a5-6ee0cc06ee83?alt=json HTTP/1.1" 200 None
2022-08-20 00:13:04,800 DEBUG    urllib3.connectionpool Starting new HTTPS connection (1): serviceusage.googleapis.com:443
2022-08-20 00:13:05,937 DEBUG    urllib3.connectionpool https://serviceusage.googleapis.com:443 "GET /v1/operations/acf.p2-266622789771-e9ef093d-68ba-4f58-b1a5-6ee0cc06ee83?alt=json HTTP/1.1" 200 None
2022-08-20 00:13:10,341 DEBUG    urllib3.connectionpool Starting new HTTPS connection (1): serviceusage.googleapis.com:443
2022-08-20 00:13:11,669 DEBUG    urllib3.connectionpool https://serviceusage.googleapis.com:443 "GET /v1/operations/acf.p2-266622789771-e9ef093d-68ba-4f58-b1a5-6ee0cc06ee83?alt=json HTTP/1.1" 200 None
2022-08-20 00:13:15,846 DEBUG    urllib3.connectionpool Starting new HTTPS connection (1): serviceusage.googleapis.com:443
2022-08-20 00:13:16,862 DEBUG    urllib3.connectionpool https://serviceusage.googleapis.com:443 "GET /v1/operations/acf.p2-266622789771-e9ef093d-68ba-4f58-b1a5-6ee0cc06ee83?alt=json HTTP/1.1" 200 None
2022-08-20 00:13:21,571 DEBUG    urllib3.connectionpool Starting new HTTPS connection (1): serviceusage.googleapis.com:443
2022-08-20 00:13:22,626 DEBUG    urllib3.connectionpool https://serviceusage.googleapis.com:443 "GET /v1/operations/acf.p2-266622789771-e9ef093d-68ba-4f58-b1a5-6ee0cc06ee83?alt=json HTTP/1.1" 200 None
2022-08-20 00:13:27,781 DEBUG    urllib3.connectionpool Starting new HTTPS connection (1): serviceusage.googleapis.com:443
2022-08-20 00:13:28,854 DEBUG    urllib3.connectionpool https://serviceusage.googleapis.com:443 "GET /v1/operations/acf.p2-266622789771-e9ef093d-68ba-4f58-b1a5-6ee0cc06ee83?alt=json HTTP/1.1" 200 None
2022-08-20 00:13:34,432 DEBUG    urllib3.connectionpool Starting new HTTPS connection (1): serviceusage.googleapis.com:443
2022-08-20 00:13:35,737 DEBUG    urllib3.connectionpool https://serviceusage.googleapis.com:443 "GET /v1/operations/acf.p2-266622789771-e9ef093d-68ba-4f58-b1a5-6ee0cc06ee83?alt=json HTTP/1.1" 200 None
2022-08-20 00:13:41,579 DEBUG    urllib3.connectionpool Starting new HTTPS connection (1): serviceusage.googleapis.com:443
2022-08-20 00:13:42,800 DEBUG    urllib3.connectionpool https://serviceusage.googleapis.com:443 "GET /v1/operations/acf.p2-266622789771-e9ef093d-68ba-4f58-b1a5-6ee0cc06ee83?alt=json HTTP/1.1" 200 None
2022-08-20 00:13:42,818 INFO     ___FILE_ONLY___ Operation "operations/acf.p2-266622789771-e9ef093d-68ba-4f58-b1a5-6ee0cc06ee83" finished successfully.

2022-08-20 00:13:42,819 INFO     root            Display format: "none"
