2022-08-20 00:27:08,390 DEBUG    root            Loaded Command Group: ['gcloud', 'config']
2022-08-20 00:27:08,391 DEBUG    root            Loaded Command Group: ['gcloud', 'config', 'config_helper']
2022-08-20 00:27:08,392 DEBUG    root            Running [gcloud.config.config-helper] with arguments: [--format: "json"]
2022-08-20 00:27:08,394 INFO     root            Display format: "default json"
2022-08-20 00:27:08,395 INFO     ___FILE_ONLY___ {
  "configuration": {
    "active_configuration": "default",
    "properties": {
      "core": {
        "account": "bmutziu@gmail.com",
        "disable_usage_reporting": "True",
        "project": "cilium-20220820000618"
      }
    }
  },
  "credential": {
    "access_token": "ya29.A0AVA9y1vIAGnr8gAEcx99h1OlwVhCI75e_RHuyx-_KXxASsJ10KNIJYDm2E4PRxV3QJxCQofmH2yD3TRT7L7N2fWQT7yA67L5bQ1-yzDVeD499xhZpckr7qeYH0BriN7s6fjYBz3k3nMnIts7mQFcrAGicApThcNLS4alaCgYKATASATASFQE65dr8zreEDMhOpORfXbN0DLt0lw0171",
    "id_token": "eyJhbGciOiJSUzI1NiIsImtpZCI6IjE3MjdiNmI0OTQwMmI5Y2Y5NWJlNGU4ZmQzOGFhN2U3YzExNjQ0YjEiLCJ0eXAiOiJKV1QifQ.eyJpc3MiOiJodHRwczovL2FjY291bnRzLmdvb2dsZS5jb20iLCJhenAiOiIzMjU1NTk0MDU1OS5hcHBzLmdvb2dsZXVzZXJjb250ZW50LmNvbSIsImF1ZCI6IjMyNTU1OTQwNTU5LmFwcHMuZ29vZ2xldXNlcmNvbnRlbnQuY29tIiwic3ViIjoiMTAwODI0ODY0NDMxNzM0OTUyNjI1IiwiZW1haWwiOiJibXV0eml1QGdtYWlsLmNvbSIsImVtYWlsX3ZlcmlmaWVkIjp0cnVlLCJhdF9oYXNoIjoiWG82b1pGTjRBUUF5dm83bnR0TC1rdyIsImlhdCI6MTY2MDk0MzEzNSwiZXhwIjoxNjYwOTQ2NzM1fQ.i84U2KRAyuUKQ0TqqIXXOPtR7b-T4EneHXRR4UTeMS8ytWARqmN2-_LmyIxS4d-JdQB6KWhXlIeOK3vTk3sAgE3FWDv_dZPr8xb9ImLpjuyIHg744NstBtuQQ0YdFJujqS8BO3irMTuRZKS0t9lRI1pqtQTesX-rtgCxvyddk3ecNVbZXPHBsuaUyPh5WKEzprJzva0gUds3ukAN0rbWFtZhapCz4mfBLv7YO2_STCnX-ScOUamZVJGTGaT14ZP_jlWFmJ_JsDRW8Q-_JwYDA8e-fI2F9SGAXYJE0ivj6YnnUAaF3devOOyO4ztgeDEyR56AYUn2tZF0enKmQJKBNg",
    "token_expiry": "2022-08-19T22:05:34Z"
  },
  "sentinels": {
    "config_sentinel": "/Users/bmutziu/.config/gcloud/config_sentinel"
  }
}
2022-08-20 00:27:08,395 INFO     ___FILE_ONLY___ 

