2022-08-20 11:56:07,413 DEBUG    root            Loaded Command Group: ['gcloud', 'config']
2022-08-20 11:56:07,415 DEBUG    root            Loaded Command Group: ['gcloud', 'config', 'config_helper']
2022-08-20 11:56:07,416 DEBUG    root            Running [gcloud.config.config-helper] with arguments: [--format: "json"]
2022-08-20 11:56:07,504 DEBUG    google.auth.transport.requests Making request: POST https://oauth2.googleapis.com/token
2022-08-20 11:56:07,543 DEBUG    urllib3.connectionpool Starting new HTTPS connection (1): oauth2.googleapis.com:443
2022-08-20 11:56:07,783 DEBUG    urllib3.connectionpool https://oauth2.googleapis.com:443 "POST /token HTTP/1.1" 200 None
2022-08-20 11:56:07,794 INFO     root            Display format: "default json"
2022-08-20 11:56:07,794 INFO     ___FILE_ONLY___ {
  "configuration": {
    "active_configuration": "default",
    "properties": {
      "core": {
        "account": "bmutziu@gmail.com",
        "disable_usage_reporting": "True",
        "project": "cilium-20220820000618"
      }
    }
  },
  "credential": {
    "access_token": "ya29.A0AVA9y1tm93E0KbXHJ8XCtCXdZv4bNQ5A4G4rz_4CYb-qYCqlFRqLs4kVToPyfk_MhA4a8ml2wjgyNShhuU77ehq2iJBO0b-nhiOg__FyYFhKg7lJvBNCVbKIu7UYTtC7WoOVWT7xjAH2bvxzZsoBVlu-wET6GTDLj3Wx-waCgYKATASATASFQE65dr8oDxinVxB5Vvx5CtiWIAO_A0173",
    "id_token": "eyJhbGciOiJSUzI1NiIsImtpZCI6IjE3MjdiNmI0OTQwMmI5Y2Y5NWJlNGU4ZmQzOGFhN2U3YzExNjQ0YjEiLCJ0eXAiOiJKV1QifQ.eyJpc3MiOiJodHRwczovL2FjY291bnRzLmdvb2dsZS5jb20iLCJhenAiOiIzMjU1NTk0MDU1OS5hcHBzLmdvb2dsZXVzZXJjb250ZW50LmNvbSIsImF1ZCI6IjMyNTU1OTQwNTU5LmFwcHMuZ29vZ2xldXNlcmNvbnRlbnQuY29tIiwic3ViIjoiMTAwODI0ODY0NDMxNzM0OTUyNjI1IiwiZW1haWwiOiJibXV0eml1QGdtYWlsLmNvbSIsImVtYWlsX3ZlcmlmaWVkIjp0cnVlLCJhdF9oYXNoIjoidThEczh1aWRlZEh0YlhHMTdONktBdyIsImlhdCI6MTY2MDk4NTc2NywiZXhwIjoxNjYwOTg5MzY3fQ.nqUquvBMP2ZZZ_fsREdU5UX2HMFdv4Kp9fp9XPffQA07EM57h6Gmz1-aulzL2n5zGr0-IZGDXR6hbudNBkdRhgOwiwPdaPxQa0jVf8NwdV9yqftzY4XEeh9do-F9s9vMPOIaHQ-pcCJKllYe3_p5Zn_Hb20__kuQ1kifoRbYMOUtJai6Wv9v__Ry6nY13mjAc3RduTAMDp5mn0z849TkBIieUF7ZDshYME4R2N8pPPt0MupwFK4Hkud-3x2YC6Oz8rhsI_eeeY7zzSdet-PN0W9k4oWDMnxhX1ZD3w4TLRnyK45s121cH-tgwPwO14VaogJs97cJW6K--_HpMkjTCQ",
    "token_expiry": "2022-08-20T09:56:06Z"
  },
  "sentinels": {
    "config_sentinel": "/Users/bmutziu/.config/gcloud/config_sentinel"
  }
}
2022-08-20 11:56:07,794 INFO     ___FILE_ONLY___ 

