2022-08-20 14:39:38,264 DEBUG    root            Loaded Command Group: ['gcloud', 'config']
2022-08-20 14:39:38,264 DEBUG    root            Loaded Command Group: ['gcloud', 'config', 'config_helper']
2022-08-20 14:39:38,265 DEBUG    root            Running [gcloud.config.config-helper] with arguments: [--format: "json"]
2022-08-20 14:39:38,272 DEBUG    google.auth.transport.requests Making request: POST https://oauth2.googleapis.com/token
2022-08-20 14:39:38,321 DEBUG    urllib3.connectionpool Starting new HTTPS connection (1): oauth2.googleapis.com:443
2022-08-20 14:39:38,565 DEBUG    urllib3.connectionpool https://oauth2.googleapis.com:443 "POST /token HTTP/1.1" 200 None
2022-08-20 14:39:38,578 INFO     root            Display format: "default json"
2022-08-20 14:39:38,579 INFO     ___FILE_ONLY___ {
  "configuration": {
    "active_configuration": "default",
    "properties": {
      "core": {
        "account": "bmutziu@gmail.com",
        "disable_usage_reporting": "True",
        "project": "cilium-20220820000618"
      }
    }
  },
  "credential": {
    "access_token": "ya29.A0AVA9y1uTf6NZNHtosPdt2g7njKTWNr4qUnCaYor_4dN_BiZfp4niUPjsQmQ8HYuB-riGKXPaQPaxxU7YuLKH7OsEO6gWUltkKftrg2tE1m5G4CIkTQcfkrSHQVidaQGIAh578BGPugHUSeuKwmX2jbMUinUVw1L6zgHyqAaCgYKATASATASFQE65dr8zMzbWoHrSiPF956o5hQoOQ0173",
    "id_token": "eyJhbGciOiJSUzI1NiIsImtpZCI6IjE3MjdiNmI0OTQwMmI5Y2Y5NWJlNGU4ZmQzOGFhN2U3YzExNjQ0YjEiLCJ0eXAiOiJKV1QifQ.eyJpc3MiOiJodHRwczovL2FjY291bnRzLmdvb2dsZS5jb20iLCJhenAiOiIzMjU1NTk0MDU1OS5hcHBzLmdvb2dsZXVzZXJjb250ZW50LmNvbSIsImF1ZCI6IjMyNTU1OTQwNTU5LmFwcHMuZ29vZ2xldXNlcmNvbnRlbnQuY29tIiwic3ViIjoiMTAwODI0ODY0NDMxNzM0OTUyNjI1IiwiZW1haWwiOiJibXV0eml1QGdtYWlsLmNvbSIsImVtYWlsX3ZlcmlmaWVkIjp0cnVlLCJhdF9oYXNoIjoieGRPV3VLVWhzdWdia3RGWDBQQXVzZyIsImlhdCI6MTY2MDk5NTU3OCwiZXhwIjoxNjYwOTk5MTc4fQ.ViKxekg1tSyG8suiLs4ivAJqeFqnsXpWOrR3VNgwGJfBsgulDgGpq3ItsYyT_9MlkcOMyN_Gy3EaolXX-9orb77w0Wm5c-1zi7byOyCBlER4aEe9b5--tiykTMJYZT2DSnFp5h-th0z_WZhBKThPXXB6P07cvlygMOaDqMQbfZeRUprdX3omI1eozC_X-MiosjWtvaWrSyyAZiszexm5EAb0g_RhKiQj9klmEdGDia05ndPxxMAyseBwgvWYmK56i65-ArGdXdVInhqxxniTtEd6D32YuNLuOLAHxPVVfQChHCDPDiZmQxmarBF0O4jn7IGrtxcXt5sMPjgt1fxeaA",
    "token_expiry": "2022-08-20T12:39:37Z"
  },
  "sentinels": {
    "config_sentinel": "/Users/bmutziu/.config/gcloud/config_sentinel"
  }
}
2022-08-20 14:39:38,579 INFO     ___FILE_ONLY___ 

