2022-08-20 17:11:16,742 DEBUG    root            Loaded Command Group: ['gcloud', 'config']
2022-08-20 17:11:16,743 DEBUG    root            Loaded Command Group: ['gcloud', 'config', 'config_helper']
2022-08-20 17:11:16,743 DEBUG    root            Running [gcloud.config.config-helper] with arguments: [--format: "json"]
2022-08-20 17:11:16,746 INFO     root            Display format: "default json"
2022-08-20 17:11:16,746 INFO     ___FILE_ONLY___ {
  "configuration": {
    "active_configuration": "default",
    "properties": {
      "core": {
        "account": "bmutziu@gmail.com",
        "disable_usage_reporting": "True",
        "project": "cilium-20220820000618"
      }
    }
  },
  "credential": {
    "access_token": "ya29.A0AVA9y1tIUPhUvkDWOdcKr10YD6s2For1CnUMeICk8bfOuLhdtYeyr8pJZVa3rj8NJ7e8FB0b1T9kSVpcni_TGDAZkHHyRowWnIZ1C7vBuTJgeji4yHZHLnEajPlm3jGmnpZ_Zh7eNllva40m9gUkQvsjnT6yxiPDmo_-BwaCgYKATASATASFQE65dr8P2-r4wY_kSuZ4-BjVEEZ5Q0173",
    "id_token": "eyJhbGciOiJSUzI1NiIsImtpZCI6IjE3MjdiNmI0OTQwMmI5Y2Y5NWJlNGU4ZmQzOGFhN2U3YzExNjQ0YjEiLCJ0eXAiOiJKV1QifQ.eyJpc3MiOiJodHRwczovL2FjY291bnRzLmdvb2dsZS5jb20iLCJhenAiOiIzMjU1NTk0MDU1OS5hcHBzLmdvb2dsZXVzZXJjb250ZW50LmNvbSIsImF1ZCI6IjMyNTU1OTQwNTU5LmFwcHMuZ29vZ2xldXNlcmNvbnRlbnQuY29tIiwic3ViIjoiMTAwODI0ODY0NDMxNzM0OTUyNjI1IiwiZW1haWwiOiJibXV0eml1QGdtYWlsLmNvbSIsImVtYWlsX3ZlcmlmaWVkIjp0cnVlLCJhdF9oYXNoIjoiUVFSRTZMVDRmRHpKd0NIZDJwQ0VhZyIsImlhdCI6MTY2MTAwMjk4NCwiZXhwIjoxNjYxMDA2NTg0fQ.U5RxHuz0DpuMiqKusc2jiSRHK8_Vzsl81ZTAgtceWqhAyD6vfOUmw3DCeI3Ale3RAmie3Pyfmnvm1H9Rnw_xdzjMyrlJ8ZA_txTlTzr2_IzxGQ4H2f5LhSAKVYSxkiW3WierOwjMMvoANuagby3gF8_vjFxdO9CfgIwXZvZSHiT1U04C4d7DXLpFlz4l9uXfBqvwFV_0ccU2XuNNrfmT0xEfZICpL5PhYodbe9XTQoLAXYfd-Ai_EgXu684kIfoC9eiLqjAswFdfh5jYdSAZzcLTS1yk9lnwoIg_I5gpMjK5ASluxbN9IbOOCVQzozZlDW52NHb6KPTM_w_8F3iGRQ",
    "token_expiry": "2022-08-20T14:43:03Z"
  },
  "sentinels": {
    "config_sentinel": "/Users/bmutziu/.config/gcloud/config_sentinel"
  }
}
2022-08-20 17:11:16,746 INFO     ___FILE_ONLY___ 

