2022-08-20 17:38:02,699 DEBUG    root            Loaded Command Group: ['gcloud', 'compute']
2022-08-20 17:38:02,700 DEBUG    root            Loaded Command Group: ['gcloud', 'compute', 'firewall_rules']
2022-08-20 17:38:02,702 DEBUG    root            Loaded Command Group: ['gcloud', 'compute', 'firewall-rules', 'list']
2022-08-20 17:38:02,703 DEBUG    root            Running [gcloud.compute.firewall-rules.list] with arguments: [--filter: "name~gke-bmutziu-14804-.*-all"]
2022-08-20 17:38:02,757 INFO     root            client_filter=None server_filter='name eq ".*(gke-bmutziu-14804-.*-all).*"'
2022-08-20 17:38:02,757 INFO     root            client_filter=None server_filter='name eq ".*(gke-bmutziu-14804-.*-all).*"'
2022-08-20 17:38:02,757 INFO     root            Display format: "    table(
      name,
      network.basename(),
      direction,
      priority,
      allowed[].map().firewall_rule().list():label=ALLOW,
      denied[].map().firewall_rule().list():label=DENY,
      disabled
    )"
2022-08-20 17:38:02,762 DEBUG    urllib3.connectionpool Starting new HTTPS connection (1): compute.googleapis.com:443
2022-08-20 17:38:03,392 DEBUG    urllib3.connectionpool https://compute.googleapis.com:443 "POST /batch/compute/v1 HTTP/1.1" 200 None
2022-08-20 17:38:03,402 INFO     root            cache collection=compute.firewalls api_version=v1 params=['project', 'firewall']
2022-08-20 17:38:03,440 INFO     ___FILE_ONLY___ NAME
2022-08-20 17:38:03,441 INFO     ___FILE_ONLY___                             
2022-08-20 17:38:03,441 INFO     ___FILE_ONLY___ NETWORK
2022-08-20 17:38:03,441 INFO     ___FILE_ONLY___                     
2022-08-20 17:38:03,441 INFO     ___FILE_ONLY___ DIRECTION
2022-08-20 17:38:03,441 INFO     ___FILE_ONLY___   
2022-08-20 17:38:03,441 INFO     ___FILE_ONLY___ PRIORITY
2022-08-20 17:38:03,441 INFO     ___FILE_ONLY___   
2022-08-20 17:38:03,441 INFO     ___FILE_ONLY___ ALLOW
2022-08-20 17:38:03,441 INFO     ___FILE_ONLY___                      
2022-08-20 17:38:03,441 INFO     ___FILE_ONLY___ DENY
2022-08-20 17:38:03,441 INFO     ___FILE_ONLY___   
2022-08-20 17:38:03,441 INFO     ___FILE_ONLY___ DISABLED
2022-08-20 17:38:03,441 INFO     ___FILE_ONLY___ 

2022-08-20 17:38:03,441 INFO     ___FILE_ONLY___ gke-bmutziu-14804-6691c925-all
2022-08-20 17:38:03,441 INFO     ___FILE_ONLY___   
2022-08-20 17:38:03,441 INFO     ___FILE_ONLY___ bmutziu-14804-cluster-net
2022-08-20 17:38:03,441 INFO     ___FILE_ONLY___   
2022-08-20 17:38:03,441 INFO     ___FILE_ONLY___ INGRESS
2022-08-20 17:38:03,441 INFO     ___FILE_ONLY___     
2022-08-20 17:38:03,441 INFO     ___FILE_ONLY___ 1000
2022-08-20 17:38:03,441 INFO     ___FILE_ONLY___       
2022-08-20 17:38:03,441 INFO     ___FILE_ONLY___ tcp,udp,icmp,esp,ah,sctp
2022-08-20 17:38:03,441 INFO     ___FILE_ONLY___         
2022-08-20 17:38:03,441 INFO     ___FILE_ONLY___ False
2022-08-20 17:38:03,441 INFO     ___FILE_ONLY___ 

2022-08-20 17:38:03,441 INFO     ___FILE_ONLY___ 
To show all fields of the firewall, please show in JSON format: --format=json
To show all fields in table format, please see the examples in --help.


