2022-08-20 17:59:34,329 DEBUG    root            Loaded Command Group: ['gcloud', 'compute']
2022-08-20 17:59:34,330 DEBUG    root            Loaded Command Group: ['gcloud', 'compute', 'firewall_rules']
2022-08-20 17:59:34,333 DEBUG    root            Loaded Command Group: ['gcloud', 'compute', 'firewall-rules', 'list']
2022-08-20 17:59:34,333 DEBUG    root            Running [gcloud.compute.firewall-rules.list] with arguments: [--filter: "name~gke-bmutziu-1513-.*-all"]
2022-08-20 17:59:34,389 INFO     root            client_filter=None server_filter='name eq ".*(gke-bmutziu-1513-.*-all).*"'
2022-08-20 17:59:34,389 INFO     root            client_filter=None server_filter='name eq ".*(gke-bmutziu-1513-.*-all).*"'
2022-08-20 17:59:34,390 INFO     root            Display format: "    table(
      name,
      network.basename(),
      direction,
      priority,
      allowed[].map().firewall_rule().list():label=ALLOW,
      denied[].map().firewall_rule().list():label=DENY,
      disabled
    )"
2022-08-20 17:59:34,509 DEBUG    urllib3.connectionpool Starting new HTTPS connection (1): compute.googleapis.com:443
2022-08-20 17:59:35,001 DEBUG    urllib3.connectionpool https://compute.googleapis.com:443 "POST /batch/compute/v1 HTTP/1.1" 200 None
2022-08-20 17:59:35,010 INFO     root            cache collection=compute.firewalls api_version=v1 params=['project', 'firewall']
2022-08-20 17:59:35,049 INFO     ___FILE_ONLY___ NAME
2022-08-20 17:59:35,049 INFO     ___FILE_ONLY___                            
2022-08-20 17:59:35,049 INFO     ___FILE_ONLY___ NETWORK
2022-08-20 17:59:35,049 INFO     ___FILE_ONLY___                     
2022-08-20 17:59:35,049 INFO     ___FILE_ONLY___ DIRECTION
2022-08-20 17:59:35,049 INFO     ___FILE_ONLY___   
2022-08-20 17:59:35,049 INFO     ___FILE_ONLY___ PRIORITY
2022-08-20 17:59:35,049 INFO     ___FILE_ONLY___   
2022-08-20 17:59:35,049 INFO     ___FILE_ONLY___ ALLOW
2022-08-20 17:59:35,049 INFO     ___FILE_ONLY___                      
2022-08-20 17:59:35,049 INFO     ___FILE_ONLY___ DENY
2022-08-20 17:59:35,049 INFO     ___FILE_ONLY___   
2022-08-20 17:59:35,049 INFO     ___FILE_ONLY___ DISABLED
2022-08-20 17:59:35,049 INFO     ___FILE_ONLY___ 

2022-08-20 17:59:35,049 INFO     ___FILE_ONLY___ gke-bmutziu-1513-9f221dbd-all
2022-08-20 17:59:35,049 INFO     ___FILE_ONLY___   
2022-08-20 17:59:35,049 INFO     ___FILE_ONLY___ bmutziu-14804-cluster-net
2022-08-20 17:59:35,049 INFO     ___FILE_ONLY___   
2022-08-20 17:59:35,049 INFO     ___FILE_ONLY___ INGRESS
2022-08-20 17:59:35,049 INFO     ___FILE_ONLY___     
2022-08-20 17:59:35,049 INFO     ___FILE_ONLY___ 1000
2022-08-20 17:59:35,049 INFO     ___FILE_ONLY___       
2022-08-20 17:59:35,050 INFO     ___FILE_ONLY___ tcp,udp,icmp,esp,ah,sctp
2022-08-20 17:59:35,050 INFO     ___FILE_ONLY___         
2022-08-20 17:59:35,050 INFO     ___FILE_ONLY___ False
2022-08-20 17:59:35,050 INFO     ___FILE_ONLY___ 

2022-08-20 17:59:35,050 INFO     ___FILE_ONLY___ 
To show all fields of the firewall, please show in JSON format: --format=json
To show all fields in table format, please see the examples in --help.


