2022-08-20 18:42:40,981 DEBUG    root            Loaded Command Group: ['gcloud', 'config']
2022-08-20 18:42:40,982 DEBUG    root            Loaded Command Group: ['gcloud', 'config', 'config_helper']
2022-08-20 18:42:40,983 DEBUG    root            Running [gcloud.config.config-helper] with arguments: [--format: "json"]
2022-08-20 18:42:40,984 DEBUG    google.auth.transport.requests Making request: POST https://oauth2.googleapis.com/token
2022-08-20 18:42:41,031 DEBUG    urllib3.connectionpool Starting new HTTPS connection (1): oauth2.googleapis.com:443
2022-08-20 18:42:41,278 DEBUG    urllib3.connectionpool https://oauth2.googleapis.com:443 "POST /token HTTP/1.1" 200 None
2022-08-20 18:42:41,294 INFO     root            Display format: "default json"
2022-08-20 18:42:41,296 INFO     ___FILE_ONLY___ {
  "configuration": {
    "active_configuration": "default",
    "properties": {
      "core": {
        "account": "bmutziu@gmail.com",
        "disable_usage_reporting": "True",
        "project": "cilium-20220820000618"
      }
    }
  },
  "credential": {
    "access_token": "ya29.A0AVA9y1vYj8GUODG_YT-YLX3zTXRVd_7ujrzL4zKuAXgdcQnclawsj7QzXog1jsQyG52YQZC8_1Q1RUV1MBBIm3onpX0lRCdfMWyqIKnYrRIU6yGhCxoECWOV3XAs9GBZkuANScf0Drb755kCcQvSiCkabUZO3xgcN0OsrQaCgYKATASATASFQE65dr81m6fXzUkcfJYJzNT1Cu0FA0173",
    "id_token": "eyJhbGciOiJSUzI1NiIsImtpZCI6IjE3MjdiNmI0OTQwMmI5Y2Y5NWJlNGU4ZmQzOGFhN2U3YzExNjQ0YjEiLCJ0eXAiOiJKV1QifQ.eyJpc3MiOiJodHRwczovL2FjY291bnRzLmdvb2dsZS5jb20iLCJhenAiOiIzMjU1NTk0MDU1OS5hcHBzLmdvb2dsZXVzZXJjb250ZW50LmNvbSIsImF1ZCI6IjMyNTU1OTQwNTU5LmFwcHMuZ29vZ2xldXNlcmNvbnRlbnQuY29tIiwic3ViIjoiMTAwODI0ODY0NDMxNzM0OTUyNjI1IiwiZW1haWwiOiJibXV0eml1QGdtYWlsLmNvbSIsImVtYWlsX3ZlcmlmaWVkIjp0cnVlLCJhdF9oYXNoIjoiblI4dnFtc1JpT29IZ2Z0Wm5NV1BqUSIsImlhdCI6MTY2MTAxMDE2MSwiZXhwIjoxNjYxMDEzNzYxfQ.Lhzk4kxxWNBdOAXnPAlwJJZ6Nd2Fun3ACNPoq4C1ukykLCM5wgvpNobzLNL0Eir5xjJaT0iuJ52vZtVjLHf8lAozXVjvHsKbCyGX8a8Io65gPndRxqwGy-mPyrsuPNkzDXi44ufHO6Sf7CFQYJYGcWc8Nc1V5P7wNSrDaah7Ds2eJaVkK7J1J4e6Y6uJiuqFse5hOTE_yu8o7_QMCbYEjRC9k8Ie6JsDTLCDx5E6CxkwWkl-o2KUUY0z20jiJD0elPpgkvxDnqmhxkFFlSiZQVXqGE919UVe207IFaxSmPmRtvmPInvViZrsBdDI5omQSs5GDgsuDZplwXiJ11hpHw",
    "token_expiry": "2022-08-20T16:42:40Z"
  },
  "sentinels": {
    "config_sentinel": "/Users/bmutziu/.config/gcloud/config_sentinel"
  }
}
2022-08-20 18:42:41,296 INFO     ___FILE_ONLY___ 

